0001 pc:C000 SP:FD  A:00 X:00 Y:00  P:24 {N0V0?1?0D0I1Z0C0} JMP (4C) [F5 C5]
0002 pc:C5F5 SP:FD  A:00 X:00 Y:00  P:24 {N0V0?1?0D0I1Z0C0} LDX (A2) [00   ]
0003 pc:C5F7 SP:FD  A:00 X:00 Y:00  P:26 {N0V0?1?0D0I1Z1C0} STX (86) [00   ]
0004 pc:C5F9 SP:FD  A:00 X:00 Y:00  P:26 {N0V0?1?0D0I1Z1C0} STX (86) [10   ]
0005 pc:C5FB SP:FD  A:00 X:00 Y:00  P:26 {N0V0?1?0D0I1Z1C0} STX (86) [11   ]
0006 pc:C5FD SP:FD  A:00 X:00 Y:00  P:26 {N0V0?1?0D0I1Z1C0} JSR (20) [2D C7]
0007 pc:C72D SP:FB  A:00 X:00 Y:00  P:26 {N0V0?1?0D0I1Z1C0} NOP (EA) [     ]
0008 pc:C72E SP:FB  A:00 X:00 Y:00  P:26 {N0V0?1?0D0I1Z1C0} SEC (38) [     ]
0009 pc:C72F SP:FB  A:00 X:00 Y:00  P:27 {N0V0?1?0D0I1Z1C1} BCS (B0) [04   ]
0010 pc:C735 SP:FB  A:00 X:00 Y:00  P:27 {N0V0?1?0D0I1Z1C1} NOP (EA) [     ]
0011 pc:C736 SP:FB  A:00 X:00 Y:00  P:27 {N0V0?1?0D0I1Z1C1} CLC (18) [     ]
0012 pc:C737 SP:FB  A:00 X:00 Y:00  P:26 {N0V0?1?0D0I1Z1C0} BCS (B0) [03   ]
0013 pc:C739 SP:FB  A:00 X:00 Y:00  P:26 {N0V0?1?0D0I1Z1C0} JMP (4C) [40 C7]
0014 pc:C740 SP:FB  A:00 X:00 Y:00  P:26 {N0V0?1?0D0I1Z1C0} NOP (EA) [     ]
0015 pc:C741 SP:FB  A:00 X:00 Y:00  P:26 {N0V0?1?0D0I1Z1C0} SEC (38) [     ]
0016 pc:C742 SP:FB  A:00 X:00 Y:00  P:27 {N0V0?1?0D0I1Z1C1} BCC (90) [03   ]
0017 pc:C744 SP:FB  A:00 X:00 Y:00  P:27 {N0V0?1?0D0I1Z1C1} JMP (4C) [4B C7]
0018 pc:C74B SP:FB  A:00 X:00 Y:00  P:27 {N0V0?1?0D0I1Z1C1} NOP (EA) [     ]
0019 pc:C74C SP:FB  A:00 X:00 Y:00  P:27 {N0V0?1?0D0I1Z1C1} CLC (18) [     ]
0020 pc:C74D SP:FB  A:00 X:00 Y:00  P:26 {N0V0?1?0D0I1Z1C0} BCC (90) [04   ]
0021 pc:C753 SP:FB  A:00 X:00 Y:00  P:26 {N0V0?1?0D0I1Z1C0} NOP (EA) [     ]
0022 pc:C754 SP:FB  A:00 X:00 Y:00  P:26 {N0V0?1?0D0I1Z1C0} LDA (A9) [00   ]
0023 pc:C756 SP:FB  A:00 X:00 Y:00  P:26 {N0V0?1?0D0I1Z1C0} BEQ (F0) [04   ]
0024 pc:C75C SP:FB  A:00 X:00 Y:00  P:26 {N0V0?1?0D0I1Z1C0} NOP (EA) [     ]
0025 pc:C75D SP:FB  A:00 X:00 Y:00  P:26 {N0V0?1?0D0I1Z1C0} LDA (A9) [40   ]
0026 pc:C75F SP:FB  A:40 X:00 Y:00  P:24 {N0V0?1?0D0I1Z0C0} BEQ (F0) [03   ]
0027 pc:C761 SP:FB  A:40 X:00 Y:00  P:24 {N0V0?1?0D0I1Z0C0} JMP (4C) [68 C7]
0028 pc:C768 SP:FB  A:40 X:00 Y:00  P:24 {N0V0?1?0D0I1Z0C0} NOP (EA) [     ]
0029 pc:C769 SP:FB  A:40 X:00 Y:00  P:24 {N0V0?1?0D0I1Z0C0} LDA (A9) [40   ]
0030 pc:C76B SP:FB  A:40 X:00 Y:00  P:24 {N0V0?1?0D0I1Z0C0} BNE (D0) [04   ]
0031 pc:C771 SP:FB  A:40 X:00 Y:00  P:24 {N0V0?1?0D0I1Z0C0} NOP (EA) [     ]
0032 pc:C772 SP:FB  A:40 X:00 Y:00  P:24 {N0V0?1?0D0I1Z0C0} LDA (A9) [00   ]
0033 pc:C774 SP:FB  A:00 X:00 Y:00  P:26 {N0V0?1?0D0I1Z1C0} BNE (D0) [03   ]
0034 pc:C776 SP:FB  A:00 X:00 Y:00  P:26 {N0V0?1?0D0I1Z1C0} JMP (4C) [7D C7]
0035 pc:C77D SP:FB  A:00 X:00 Y:00  P:26 {N0V0?1?0D0I1Z1C0} NOP (EA) [     ]
0036 pc:C77E SP:FB  A:00 X:00 Y:00  P:26 {N0V0?1?0D0I1Z1C0} LDA (A9) [FF   ]
0037 pc:C780 SP:FB  A:FF X:00 Y:00  P:A4 {N1V0?1?0D0I1Z0C0} STA (85) [01   ]
0038 pc:C782 SP:FB  A:FF X:00 Y:00  P:A4 {N1V0?1?0D0I1Z0C0} BIT (24) [01   ]
0039 pc:C784 SP:FB  A:FF X:00 Y:00  P:E4 {N1V1?1?0D0I1Z0C0} BVS (70) [04   ]
0040 pc:C78A SP:FB  A:FF X:00 Y:00  P:E4 {N1V1?1?0D0I1Z0C0} NOP (EA) [     ]
0041 pc:C78B SP:FB  A:FF X:00 Y:00  P:E4 {N1V1?1?0D0I1Z0C0} BIT (24) [01   ]
0042 pc:C78D SP:FB  A:FF X:00 Y:00  P:E4 {N1V1?1?0D0I1Z0C0} BVC (50) [03   ]
0043 pc:C78F SP:FB  A:FF X:00 Y:00  P:E4 {N1V1?1?0D0I1Z0C0} JMP (4C) [96 C7]
0044 pc:C796 SP:FB  A:FF X:00 Y:00  P:E4 {N1V1?1?0D0I1Z0C0} NOP (EA) [     ]
0045 pc:C797 SP:FB  A:FF X:00 Y:00  P:E4 {N1V1?1?0D0I1Z0C0} LDA (A9) [00   ]
0046 pc:C799 SP:FB  A:00 X:00 Y:00  P:66 {N0V1?1?0D0I1Z1C0} STA (85) [01   ]
0047 pc:C79B SP:FB  A:00 X:00 Y:00  P:66 {N0V1?1?0D0I1Z1C0} BIT (24) [01   ]
0048 pc:C79D SP:FB  A:00 X:00 Y:00  P:26 {N0V0?1?0D0I1Z1C0} BVC (50) [04   ]
0049 pc:C7A3 SP:FB  A:00 X:00 Y:00  P:26 {N0V0?1?0D0I1Z1C0} NOP (EA) [     ]
0050 pc:C7A4 SP:FB  A:00 X:00 Y:00  P:26 {N0V0?1?0D0I1Z1C0} BIT (24) [01   ]
0051 pc:C7A6 SP:FB  A:00 X:00 Y:00  P:26 {N0V0?1?0D0I1Z1C0} BVS (70) [03   ]
0052 pc:C7A8 SP:FB  A:00 X:00 Y:00  P:26 {N0V0?1?0D0I1Z1C0} JMP (4C) [AF C7]
0053 pc:C7AF SP:FB  A:00 X:00 Y:00  P:26 {N0V0?1?0D0I1Z1C0} NOP (EA) [     ]
0054 pc:C7B0 SP:FB  A:00 X:00 Y:00  P:26 {N0V0?1?0D0I1Z1C0} LDA (A9) [00   ]
0055 pc:C7B2 SP:FB  A:00 X:00 Y:00  P:26 {N0V0?1?0D0I1Z1C0} BPL (10) [04   ]
0056 pc:C7B8 SP:FB  A:00 X:00 Y:00  P:26 {N0V0?1?0D0I1Z1C0} NOP (EA) [     ]
0057 pc:C7B9 SP:FB  A:00 X:00 Y:00  P:26 {N0V0?1?0D0I1Z1C0} LDA (A9) [80   ]
0058 pc:C7BB SP:FB  A:80 X:00 Y:00  P:A4 {N1V0?1?0D0I1Z0C0} BPL (10) [03   ]
0059 pc:C7BD SP:FB  A:80 X:00 Y:00  P:A4 {N1V0?1?0D0I1Z0C0} JMP (4C) [D9 C7]
0060 pc:C7D9 SP:FB  A:80 X:00 Y:00  P:A4 {N1V0?1?0D0I1Z0C0} NOP (EA) [     ]
0061 pc:C7DA SP:FB  A:80 X:00 Y:00  P:A4 {N1V0?1?0D0I1Z0C0} RTS (60) [     ]
0062 pc:C600 SP:FD  A:80 X:00 Y:00  P:A4 {N1V0?1?0D0I1Z0C0} JSR (20) [DB C7]
0063 pc:C7DB SP:FB  A:80 X:00 Y:00  P:A4 {N1V0?1?0D0I1Z0C0} NOP (EA) [     ]
0064 pc:C7DC SP:FB  A:80 X:00 Y:00  P:A4 {N1V0?1?0D0I1Z0C0} LDA (A9) [FF   ]
0065 pc:C7DE SP:FB  A:FF X:00 Y:00  P:A4 {N1V0?1?0D0I1Z0C0} STA (85) [01   ]
0066 pc:C7E0 SP:FB  A:FF X:00 Y:00  P:A4 {N1V0?1?0D0I1Z0C0} BIT (24) [01   ]
0067 pc:C7E2 SP:FB  A:FF X:00 Y:00  P:E4 {N1V1?1?0D0I1Z0C0} LDA (A9) [00   ]
0068 pc:C7E4 SP:FB  A:00 X:00 Y:00  P:66 {N0V1?1?0D0I1Z1C0} SEC (38) [     ]
0069 pc:C7E5 SP:FB  A:00 X:00 Y:00  P:67 {N0V1?1?0D0I1Z1C1} SEI (78) [     ]
0070 pc:C7E6 SP:FB  A:00 X:00 Y:00  P:67 {N0V1?1?0D0I1Z1C1} SED (F8) [     ]
0071 pc:C7E7 SP:FB  A:00 X:00 Y:00  P:6F {N0V1?1?0D1I1Z1C1} PHP (08) [     ]
0072 pc:C7E8 SP:FA  A:00 X:00 Y:00  P:6F {N0V1?1?0D1I1Z1C1} PLA (68) [     ]
0073 pc:C7E9 SP:FB  A:7F X:00 Y:00  P:6D {N0V1?1?0D1I1Z0C1} AND (29) [EF   ]
0074 pc:C7EB SP:FB  A:6F X:00 Y:00  P:6D {N0V1?1?0D1I1Z0C1} CMP (C9) [6F   ]
0075 pc:C7ED SP:FB  A:6F X:00 Y:00  P:6F {N0V1?1?0D1I1Z1C1} BEQ (F0) [04   ]
0076 pc:C7F3 SP:FB  A:6F X:00 Y:00  P:6F {N0V1?1?0D1I1Z1C1} NOP (EA) [     ]
0077 pc:C7F4 SP:FB  A:6F X:00 Y:00  P:6F {N0V1?1?0D1I1Z1C1} LDA (A9) [40   ]
0078 pc:C7F6 SP:FB  A:40 X:00 Y:00  P:6D {N0V1?1?0D1I1Z0C1} STA (85) [01   ]
0079 pc:C7F8 SP:FB  A:40 X:00 Y:00  P:6D {N0V1?1?0D1I1Z0C1} BIT (24) [01   ]
0080 pc:C7FA SP:FB  A:40 X:00 Y:00  P:6D {N0V1?1?0D1I1Z0C1} CLD (D8) [     ]
0081 pc:C7FB SP:FB  A:40 X:00 Y:00  P:65 {N0V1?1?0D0I1Z0C1} LDA (A9) [10   ]
0082 pc:C7FD SP:FB  A:10 X:00 Y:00  P:65 {N0V1?1?0D0I1Z0C1} CLC (18) [     ]
0083 pc:C7FE SP:FB  A:10 X:00 Y:00  P:64 {N0V1?1?0D0I1Z0C0} PHP (08) [     ]
0084 pc:C7FF SP:FA  A:10 X:00 Y:00  P:64 {N0V1?1?0D0I1Z0C0} PLA (68) [     ]
0085 pc:C800 SP:FB  A:74 X:00 Y:00  P:64 {N0V1?1?0D0I1Z0C0} AND (29) [EF   ]
0086 pc:C802 SP:FB  A:64 X:00 Y:00  P:64 {N0V1?1?0D0I1Z0C0} CMP (C9) [64   ]
0087 pc:C804 SP:FB  A:64 X:00 Y:00  P:67 {N0V1?1?0D0I1Z1C1} BEQ (F0) [04   ]
0088 pc:C80A SP:FB  A:64 X:00 Y:00  P:67 {N0V1?1?0D0I1Z1C1} NOP (EA) [     ]
0089 pc:C80B SP:FB  A:64 X:00 Y:00  P:67 {N0V1?1?0D0I1Z1C1} LDA (A9) [80   ]
0090 pc:C80D SP:FB  A:80 X:00 Y:00  P:E5 {N1V1?1?0D0I1Z0C1} STA (85) [01   ]
0091 pc:C80F SP:FB  A:80 X:00 Y:00  P:E5 {N1V1?1?0D0I1Z0C1} BIT (24) [01   ]
0092 pc:C811 SP:FB  A:80 X:00 Y:00  P:A5 {N1V0?1?0D0I1Z0C1} SED (F8) [     ]
0093 pc:C812 SP:FB  A:80 X:00 Y:00  P:AD {N1V0?1?0D1I1Z0C1} LDA (A9) [00   ]
0094 pc:C814 SP:FB  A:00 X:00 Y:00  P:2F {N0V0?1?0D1I1Z1C1} SEC (38) [     ]
0095 pc:C815 SP:FB  A:00 X:00 Y:00  P:2F {N0V0?1?0D1I1Z1C1} PHP (08) [     ]
0096 pc:C816 SP:FA  A:00 X:00 Y:00  P:2F {N0V0?1?0D1I1Z1C1} PLA (68) [     ]
0097 pc:C817 SP:FB  A:3F X:00 Y:00  P:2D {N0V0?1?0D1I1Z0C1} AND (29) [EF   ]
0098 pc:C819 SP:FB  A:2F X:00 Y:00  P:2D {N0V0?1?0D1I1Z0C1} CMP (C9) [2F   ]
0099 pc:C81B SP:FB  A:2F X:00 Y:00  P:2F {N0V0?1?0D1I1Z1C1} BEQ (F0) [04   ]
0100 pc:C821 SP:FB  A:2F X:00 Y:00  P:2F {N0V0?1?0D1I1Z1C1} NOP (EA) [     ]
0101 pc:C822 SP:FB  A:2F X:00 Y:00  P:2F {N0V0?1?0D1I1Z1C1} LDA (A9) [FF   ]
0102 pc:C824 SP:FB  A:FF X:00 Y:00  P:AD {N1V0?1?0D1I1Z0C1} PHA (48) [     ]
0103 pc:C825 SP:FA  A:FF X:00 Y:00  P:AD {N1V0?1?0D1I1Z0C1} PLP (28) [     ]
0104 pc:C826 SP:FB  A:FF X:00 Y:00  P:EF {N1V1?1?0D1I1Z1C1} BNE (D0) [09   ]
0105 pc:C828 SP:FB  A:FF X:00 Y:00  P:EF {N1V1?1?0D1I1Z1C1} BPL (10) [07   ]
0106 pc:C82A SP:FB  A:FF X:00 Y:00  P:EF {N1V1?1?0D1I1Z1C1} BVC (50) [05   ]
0107 pc:C82C SP:FB  A:FF X:00 Y:00  P:EF {N1V1?1?0D1I1Z1C1} BCC (90) [03   ]
0108 pc:C82E SP:FB  A:FF X:00 Y:00  P:EF {N1V1?1?0D1I1Z1C1} JMP (4C) [35 C8]
0109 pc:C835 SP:FB  A:FF X:00 Y:00  P:EF {N1V1?1?0D1I1Z1C1} NOP (EA) [     ]
0110 pc:C836 SP:FB  A:FF X:00 Y:00  P:EF {N1V1?1?0D1I1Z1C1} LDA (A9) [04   ]
0111 pc:C838 SP:FB  A:04 X:00 Y:00  P:6D {N0V1?1?0D1I1Z0C1} PHA (48) [     ]
0112 pc:C839 SP:FA  A:04 X:00 Y:00  P:6D {N0V1?1?0D1I1Z0C1} PLP (28) [     ]
0113 pc:C83A SP:FB  A:04 X:00 Y:00  P:24 {N0V0?1?0D0I1Z0C0} BEQ (F0) [09   ]
0114 pc:C83C SP:FB  A:04 X:00 Y:00  P:24 {N0V0?1?0D0I1Z0C0} BMI (30) [07   ]
0115 pc:C83E SP:FB  A:04 X:00 Y:00  P:24 {N0V0?1?0D0I1Z0C0} BVS (70) [05   ]
0116 pc:C840 SP:FB  A:04 X:00 Y:00  P:24 {N0V0?1?0D0I1Z0C0} BCS (B0) [03   ]
0117 pc:C842 SP:FB  A:04 X:00 Y:00  P:24 {N0V0?1?0D0I1Z0C0} JMP (4C) [49 C8]
0118 pc:C849 SP:FB  A:04 X:00 Y:00  P:24 {N0V0?1?0D0I1Z0C0} NOP (EA) [     ]
0119 pc:C84A SP:FB  A:04 X:00 Y:00  P:24 {N0V0?1?0D0I1Z0C0} SED (F8) [     ]
0120 pc:C84B SP:FB  A:04 X:00 Y:00  P:2C {N0V0?1?0D1I1Z0C0} LDA (A9) [FF   ]
0121 pc:C84D SP:FB  A:FF X:00 Y:00  P:AC {N1V0?1?0D1I1Z0C0} STA (85) [01   ]
0122 pc:C84F SP:FB  A:FF X:00 Y:00  P:AC {N1V0?1?0D1I1Z0C0} BIT (24) [01   ]
0123 pc:C851 SP:FB  A:FF X:00 Y:00  P:EC {N1V1?1?0D1I1Z0C0} CLC (18) [     ]
0124 pc:C852 SP:FB  A:FF X:00 Y:00  P:EC {N1V1?1?0D1I1Z0C0} LDA (A9) [00   ]
0125 pc:C854 SP:FB  A:00 X:00 Y:00  P:6E {N0V1?1?0D1I1Z1C0} PHA (48) [     ]
0126 pc:C855 SP:FA  A:00 X:00 Y:00  P:6E {N0V1?1?0D1I1Z1C0} LDA (A9) [FF   ]
0127 pc:C857 SP:FA  A:FF X:00 Y:00  P:EC {N1V1?1?0D1I1Z0C0} PLA (68) [     ]
0128 pc:C858 SP:FB  A:00 X:00 Y:00  P:6E {N0V1?1?0D1I1Z1C0} BNE (D0) [09   ]
0129 pc:C85A SP:FB  A:00 X:00 Y:00  P:6E {N0V1?1?0D1I1Z1C0} BMI (30) [07   ]
0130 pc:C85C SP:FB  A:00 X:00 Y:00  P:6E {N0V1?1?0D1I1Z1C0} BVC (50) [05   ]
0131 pc:C85E SP:FB  A:00 X:00 Y:00  P:6E {N0V1?1?0D1I1Z1C0} BCS (B0) [03   ]
0132 pc:C860 SP:FB  A:00 X:00 Y:00  P:6E {N0V1?1?0D1I1Z1C0} JMP (4C) [67 C8]
0133 pc:C867 SP:FB  A:00 X:00 Y:00  P:6E {N0V1?1?0D1I1Z1C0} NOP (EA) [     ]
0134 pc:C868 SP:FB  A:00 X:00 Y:00  P:6E {N0V1?1?0D1I1Z1C0} LDA (A9) [00   ]
0135 pc:C86A SP:FB  A:00 X:00 Y:00  P:6E {N0V1?1?0D1I1Z1C0} STA (85) [01   ]
0136 pc:C86C SP:FB  A:00 X:00 Y:00  P:6E {N0V1?1?0D1I1Z1C0} BIT (24) [01   ]
0137 pc:C86E SP:FB  A:00 X:00 Y:00  P:2E {N0V0?1?0D1I1Z1C0} SEC (38) [     ]
0138 pc:C86F SP:FB  A:00 X:00 Y:00  P:2F {N0V0?1?0D1I1Z1C1} LDA (A9) [FF   ]
0139 pc:C871 SP:FB  A:FF X:00 Y:00  P:AD {N1V0?1?0D1I1Z0C1} PHA (48) [     ]
0140 pc:C872 SP:FA  A:FF X:00 Y:00  P:AD {N1V0?1?0D1I1Z0C1} LDA (A9) [00   ]
0141 pc:C874 SP:FA  A:00 X:00 Y:00  P:2F {N0V0?1?0D1I1Z1C1} PLA (68) [     ]
0142 pc:C875 SP:FB  A:FF X:00 Y:00  P:AD {N1V0?1?0D1I1Z0C1} BEQ (F0) [09   ]
0143 pc:C877 SP:FB  A:FF X:00 Y:00  P:AD {N1V0?1?0D1I1Z0C1} BPL (10) [07   ]
0144 pc:C879 SP:FB  A:FF X:00 Y:00  P:AD {N1V0?1?0D1I1Z0C1} BVS (70) [05   ]
0145 pc:C87B SP:FB  A:FF X:00 Y:00  P:AD {N1V0?1?0D1I1Z0C1} BCC (90) [03   ]
0146 pc:C87D SP:FB  A:FF X:00 Y:00  P:AD {N1V0?1?0D1I1Z0C1} JMP (4C) [84 C8]
0147 pc:C884 SP:FB  A:FF X:00 Y:00  P:AD {N1V0?1?0D1I1Z0C1} RTS (60) [     ]
0148 pc:C603 SP:FD  A:FF X:00 Y:00  P:AD {N1V0?1?0D1I1Z0C1} JSR (20) [85 C8]
0149 pc:C885 SP:FB  A:FF X:00 Y:00  P:AD {N1V0?1?0D1I1Z0C1} NOP (EA) [     ]
0150 pc:C886 SP:FB  A:FF X:00 Y:00  P:AD {N1V0?1?0D1I1Z0C1} CLC (18) [     ]
0151 pc:C887 SP:FB  A:FF X:00 Y:00  P:AC {N1V0?1?0D1I1Z0C0} LDA (A9) [FF   ]
0152 pc:C889 SP:FB  A:FF X:00 Y:00  P:AC {N1V0?1?0D1I1Z0C0} STA (85) [01   ]
0153 pc:C88B SP:FB  A:FF X:00 Y:00  P:AC {N1V0?1?0D1I1Z0C0} BIT (24) [01   ]
0154 pc:C88D SP:FB  A:FF X:00 Y:00  P:EC {N1V1?1?0D1I1Z0C0} LDA (A9) [55   ]
0155 pc:C88F SP:FB  A:55 X:00 Y:00  P:6C {N0V1?1?0D1I1Z0C0} ORA (09) [AA   ]
0156 pc:C891 SP:FB  A:FF X:00 Y:00  P:EC {N1V1?1?0D1I1Z0C0} BCS (B0) [0B   ]
0157 pc:C893 SP:FB  A:FF X:00 Y:00  P:EC {N1V1?1?0D1I1Z0C0} BPL (10) [09   ]
0158 pc:C895 SP:FB  A:FF X:00 Y:00  P:EC {N1V1?1?0D1I1Z0C0} CMP (C9) [FF   ]
0159 pc:C897 SP:FB  A:FF X:00 Y:00  P:6F {N0V1?1?0D1I1Z1C1} BNE (D0) [05   ]
0160 pc:C899 SP:FB  A:FF X:00 Y:00  P:6F {N0V1?1?0D1I1Z1C1} BVC (50) [03   ]
0161 pc:C89B SP:FB  A:FF X:00 Y:00  P:6F {N0V1?1?0D1I1Z1C1} JMP (4C) [A2 C8]
0162 pc:C8A2 SP:FB  A:FF X:00 Y:00  P:6F {N0V1?1?0D1I1Z1C1} NOP (EA) [     ]
0163 pc:C8A3 SP:FB  A:FF X:00 Y:00  P:6F {N0V1?1?0D1I1Z1C1} SEC (38) [     ]
0164 pc:C8A4 SP:FB  A:FF X:00 Y:00  P:6F {N0V1?1?0D1I1Z1C1} CLV (B8) [     ]
0165 pc:C8A5 SP:FB  A:FF X:00 Y:00  P:2F {N0V0?1?0D1I1Z1C1} LDA (A9) [00   ]
0166 pc:C8A7 SP:FB  A:00 X:00 Y:00  P:2F {N0V0?1?0D1I1Z1C1} ORA (09) [00   ]
0167 pc:C8A9 SP:FB  A:00 X:00 Y:00  P:2F {N0V0?1?0D1I1Z1C1} BNE (D0) [09   ]
0168 pc:C8AB SP:FB  A:00 X:00 Y:00  P:2F {N0V0?1?0D1I1Z1C1} BVS (70) [07   ]
0169 pc:C8AD SP:FB  A:00 X:00 Y:00  P:2F {N0V0?1?0D1I1Z1C1} BCC (90) [05   ]
0170 pc:C8AF SP:FB  A:00 X:00 Y:00  P:2F {N0V0?1?0D1I1Z1C1} BMI (30) [03   ]
0171 pc:C8B1 SP:FB  A:00 X:00 Y:00  P:2F {N0V0?1?0D1I1Z1C1} JMP (4C) [B8 C8]
0172 pc:C8B8 SP:FB  A:00 X:00 Y:00  P:2F {N0V0?1?0D1I1Z1C1} NOP (EA) [     ]
0173 pc:C8B9 SP:FB  A:00 X:00 Y:00  P:2F {N0V0?1?0D1I1Z1C1} CLC (18) [     ]
0174 pc:C8BA SP:FB  A:00 X:00 Y:00  P:2E {N0V0?1?0D1I1Z1C0} BIT (24) [01   ]
0175 pc:C8BC SP:FB  A:00 X:00 Y:00  P:EE {N1V1?1?0D1I1Z1C0} LDA (A9) [55   ]
0176 pc:C8BE SP:FB  A:55 X:00 Y:00  P:6C {N0V1?1?0D1I1Z0C0} AND (29) [AA   ]
0177 pc:C8C0 SP:FB  A:00 X:00 Y:00  P:6E {N0V1?1?0D1I1Z1C0} BNE (D0) [09   ]
0178 pc:C8C2 SP:FB  A:00 X:00 Y:00  P:6E {N0V1?1?0D1I1Z1C0} BVC (50) [07   ]
0179 pc:C8C4 SP:FB  A:00 X:00 Y:00  P:6E {N0V1?1?0D1I1Z1C0} BCS (B0) [05   ]
0180 pc:C8C6 SP:FB  A:00 X:00 Y:00  P:6E {N0V1?1?0D1I1Z1C0} BMI (30) [03   ]
0181 pc:C8C8 SP:FB  A:00 X:00 Y:00  P:6E {N0V1?1?0D1I1Z1C0} JMP (4C) [CF C8]
0182 pc:C8CF SP:FB  A:00 X:00 Y:00  P:6E {N0V1?1?0D1I1Z1C0} NOP (EA) [     ]
0183 pc:C8D0 SP:FB  A:00 X:00 Y:00  P:6E {N0V1?1?0D1I1Z1C0} SEC (38) [     ]
0184 pc:C8D1 SP:FB  A:00 X:00 Y:00  P:6F {N0V1?1?0D1I1Z1C1} CLV (B8) [     ]
0185 pc:C8D2 SP:FB  A:00 X:00 Y:00  P:2F {N0V0?1?0D1I1Z1C1} LDA (A9) [F8   ]
0186 pc:C8D4 SP:FB  A:F8 X:00 Y:00  P:AD {N1V0?1?0D1I1Z0C1} AND (29) [EF   ]
0187 pc:C8D6 SP:FB  A:E8 X:00 Y:00  P:AD {N1V0?1?0D1I1Z0C1} BCC (90) [0B   ]
0188 pc:C8D8 SP:FB  A:E8 X:00 Y:00  P:AD {N1V0?1?0D1I1Z0C1} BPL (10) [09   ]
0189 pc:C8DA SP:FB  A:E8 X:00 Y:00  P:AD {N1V0?1?0D1I1Z0C1} CMP (C9) [E8   ]
0190 pc:C8DC SP:FB  A:E8 X:00 Y:00  P:2F {N0V0?1?0D1I1Z1C1} BNE (D0) [05   ]
0191 pc:C8DE SP:FB  A:E8 X:00 Y:00  P:2F {N0V0?1?0D1I1Z1C1} BVS (70) [03   ]
0192 pc:C8E0 SP:FB  A:E8 X:00 Y:00  P:2F {N0V0?1?0D1I1Z1C1} JMP (4C) [E7 C8]
0193 pc:C8E7 SP:FB  A:E8 X:00 Y:00  P:2F {N0V0?1?0D1I1Z1C1} NOP (EA) [     ]
0194 pc:C8E8 SP:FB  A:E8 X:00 Y:00  P:2F {N0V0?1?0D1I1Z1C1} CLC (18) [     ]
0195 pc:C8E9 SP:FB  A:E8 X:00 Y:00  P:2E {N0V0?1?0D1I1Z1C0} BIT (24) [01   ]
0196 pc:C8EB SP:FB  A:E8 X:00 Y:00  P:EC {N1V1?1?0D1I1Z0C0} LDA (A9) [5F   ]
0197 pc:C8ED SP:FB  A:5F X:00 Y:00  P:6C {N0V1?1?0D1I1Z0C0} EOR (49) [AA   ]
0198 pc:C8EF SP:FB  A:F5 X:00 Y:00  P:EC {N1V1?1?0D1I1Z0C0} BCS (B0) [0B   ]
0199 pc:C8F1 SP:FB  A:F5 X:00 Y:00  P:EC {N1V1?1?0D1I1Z0C0} BPL (10) [09   ]
0200 pc:C8F3 SP:FB  A:F5 X:00 Y:00  P:EC {N1V1?1?0D1I1Z0C0} CMP (C9) [F5   ]
0201 pc:C8F5 SP:FB  A:F5 X:00 Y:00  P:6F {N0V1?1?0D1I1Z1C1} BNE (D0) [05   ]
0202 pc:C8F7 SP:FB  A:F5 X:00 Y:00  P:6F {N0V1?1?0D1I1Z1C1} BVC (50) [03   ]
0203 pc:C8F9 SP:FB  A:F5 X:00 Y:00  P:6F {N0V1?1?0D1I1Z1C1} JMP (4C) [00 C9]
0204 pc:C900 SP:FB  A:F5 X:00 Y:00  P:6F {N0V1?1?0D1I1Z1C1} NOP (EA) [     ]
0205 pc:C901 SP:FB  A:F5 X:00 Y:00  P:6F {N0V1?1?0D1I1Z1C1} SEC (38) [     ]
0206 pc:C902 SP:FB  A:F5 X:00 Y:00  P:6F {N0V1?1?0D1I1Z1C1} CLV (B8) [     ]
0207 pc:C903 SP:FB  A:F5 X:00 Y:00  P:2F {N0V0?1?0D1I1Z1C1} LDA (A9) [70   ]
0208 pc:C905 SP:FB  A:70 X:00 Y:00  P:2D {N0V0?1?0D1I1Z0C1} EOR (49) [70   ]
0209 pc:C907 SP:FB  A:00 X:00 Y:00  P:2F {N0V0?1?0D1I1Z1C1} BNE (D0) [09   ]
0210 pc:C909 SP:FB  A:00 X:00 Y:00  P:2F {N0V0?1?0D1I1Z1C1} BVS (70) [07   ]
0211 pc:C90B SP:FB  A:00 X:00 Y:00  P:2F {N0V0?1?0D1I1Z1C1} BCC (90) [05   ]
0212 pc:C90D SP:FB  A:00 X:00 Y:00  P:2F {N0V0?1?0D1I1Z1C1} BMI (30) [03   ]
0213 pc:C90F SP:FB  A:00 X:00 Y:00  P:2F {N0V0?1?0D1I1Z1C1} JMP (4C) [16 C9]
0214 pc:C916 SP:FB  A:00 X:00 Y:00  P:2F {N0V0?1?0D1I1Z1C1} NOP (EA) [     ]
0215 pc:C917 SP:FB  A:00 X:00 Y:00  P:2F {N0V0?1?0D1I1Z1C1} CLC (18) [     ]
0216 pc:C918 SP:FB  A:00 X:00 Y:00  P:2E {N0V0?1?0D1I1Z1C0} BIT (24) [01   ]
0217 pc:C91A SP:FB  A:00 X:00 Y:00  P:EE {N1V1?1?0D1I1Z1C0} LDA (A9) [00   ]
0218 pc:C91C SP:FB  A:00 X:00 Y:00  P:6E {N0V1?1?0D1I1Z1C0} ADC (69) [69   ]
0219 pc:C91E SP:FB  A:69 X:00 Y:00  P:2C {N0V0?1?0D1I1Z0C0} BMI (30) [0B   ]
0220 pc:C920 SP:FB  A:69 X:00 Y:00  P:2C {N0V0?1?0D1I1Z0C0} BCS (B0) [09   ]
0221 pc:C922 SP:FB  A:69 X:00 Y:00  P:2C {N0V0?1?0D1I1Z0C0} CMP (C9) [69   ]
0222 pc:C924 SP:FB  A:69 X:00 Y:00  P:2F {N0V0?1?0D1I1Z1C1} BNE (D0) [05   ]
0223 pc:C926 SP:FB  A:69 X:00 Y:00  P:2F {N0V0?1?0D1I1Z1C1} BVS (70) [03   ]
0224 pc:C928 SP:FB  A:69 X:00 Y:00  P:2F {N0V0?1?0D1I1Z1C1} JMP (4C) [2F C9]
0225 pc:C92F SP:FB  A:69 X:00 Y:00  P:2F {N0V0?1?0D1I1Z1C1} NOP (EA) [     ]
0226 pc:C930 SP:FB  A:69 X:00 Y:00  P:2F {N0V0?1?0D1I1Z1C1} SEC (38) [     ]
0227 pc:C931 SP:FB  A:69 X:00 Y:00  P:2F {N0V0?1?0D1I1Z1C1} SED (F8) [     ]
0228 pc:C932 SP:FB  A:69 X:00 Y:00  P:2F {N0V0?1?0D1I1Z1C1} BIT (24) [01   ]
0229 pc:C934 SP:FB  A:69 X:00 Y:00  P:ED {N1V1?1?0D1I1Z0C1} LDA (A9) [01   ]
0230 pc:C936 SP:FB  A:01 X:00 Y:00  P:6D {N0V1?1?0D1I1Z0C1} ADC (69) [69   ]
0231 pc:C938 SP:FB  A:6B X:00 Y:00  P:2C {N0V0?1?0D1I1Z0C0} BMI (30) [0B   ]
0232 pc:C93A SP:FB  A:6B X:00 Y:00  P:2C {N0V0?1?0D1I1Z0C0} BCS (B0) [09   ]
0233 pc:C93C SP:FB  A:6B X:00 Y:00  P:2C {N0V0?1?0D1I1Z0C0} CMP (C9) [6B   ]
0234 pc:C93E SP:FB  A:6B X:00 Y:00  P:2F {N0V0?1?0D1I1Z1C1} BNE (D0) [05   ]
0235 pc:C940 SP:FB  A:6B X:00 Y:00  P:2F {N0V0?1?0D1I1Z1C1} BVS (70) [03   ]
0236 pc:C942 SP:FB  A:6B X:00 Y:00  P:2F {N0V0?1?0D1I1Z1C1} JMP (4C) [49 C9]
0237 pc:C949 SP:FB  A:6B X:00 Y:00  P:2F {N0V0?1?0D1I1Z1C1} NOP (EA) [     ]
0238 pc:C94A SP:FB  A:6B X:00 Y:00  P:2F {N0V0?1?0D1I1Z1C1} CLD (D8) [     ]
0239 pc:C94B SP:FB  A:6B X:00 Y:00  P:27 {N0V0?1?0D0I1Z1C1} SEC (38) [     ]
0240 pc:C94C SP:FB  A:6B X:00 Y:00  P:27 {N0V0?1?0D0I1Z1C1} CLV (B8) [     ]
0241 pc:C94D SP:FB  A:6B X:00 Y:00  P:27 {N0V0?1?0D0I1Z1C1} LDA (A9) [7F   ]
0242 pc:C94F SP:FB  A:7F X:00 Y:00  P:25 {N0V0?1?0D0I1Z0C1} ADC (69) [7F   ]
0243 pc:C951 SP:FB  A:FF X:00 Y:00  P:E4 {N1V1?1?0D0I1Z0C0} BPL (10) [0B   ]
0244 pc:C953 SP:FB  A:FF X:00 Y:00  P:E4 {N1V1?1?0D0I1Z0C0} BCS (B0) [09   ]
0245 pc:C955 SP:FB  A:FF X:00 Y:00  P:E4 {N1V1?1?0D0I1Z0C0} CMP (C9) [FF   ]
0246 pc:C957 SP:FB  A:FF X:00 Y:00  P:67 {N0V1?1?0D0I1Z1C1} BNE (D0) [05   ]
0247 pc:C959 SP:FB  A:FF X:00 Y:00  P:67 {N0V1?1?0D0I1Z1C1} BVC (50) [03   ]
0248 pc:C95B SP:FB  A:FF X:00 Y:00  P:67 {N0V1?1?0D0I1Z1C1} JMP (4C) [62 C9]
0249 pc:C962 SP:FB  A:FF X:00 Y:00  P:67 {N0V1?1?0D0I1Z1C1} NOP (EA) [     ]
0250 pc:C963 SP:FB  A:FF X:00 Y:00  P:67 {N0V1?1?0D0I1Z1C1} CLC (18) [     ]
0251 pc:C964 SP:FB  A:FF X:00 Y:00  P:66 {N0V1?1?0D0I1Z1C0} BIT (24) [01   ]
0252 pc:C966 SP:FB  A:FF X:00 Y:00  P:E4 {N1V1?1?0D0I1Z0C0} LDA (A9) [7F   ]
0253 pc:C968 SP:FB  A:7F X:00 Y:00  P:64 {N0V1?1?0D0I1Z0C0} ADC (69) [80   ]
0254 pc:C96A SP:FB  A:FF X:00 Y:00  P:A4 {N1V0?1?0D0I1Z0C0} BPL (10) [0B   ]
0255 pc:C96C SP:FB  A:FF X:00 Y:00  P:A4 {N1V0?1?0D0I1Z0C0} BCS (B0) [09   ]
0256 pc:C96E SP:FB  A:FF X:00 Y:00  P:A4 {N1V0?1?0D0I1Z0C0} CMP (C9) [FF   ]
0257 pc:C970 SP:FB  A:FF X:00 Y:00  P:27 {N0V0?1?0D0I1Z1C1} BNE (D0) [05   ]
0258 pc:C972 SP:FB  A:FF X:00 Y:00  P:27 {N0V0?1?0D0I1Z1C1} BVS (70) [03   ]
0259 pc:C974 SP:FB  A:FF X:00 Y:00  P:27 {N0V0?1?0D0I1Z1C1} JMP (4C) [7B C9]
0260 pc:C97B SP:FB  A:FF X:00 Y:00  P:27 {N0V0?1?0D0I1Z1C1} NOP (EA) [     ]
0261 pc:C97C SP:FB  A:FF X:00 Y:00  P:27 {N0V0?1?0D0I1Z1C1} SEC (38) [     ]
0262 pc:C97D SP:FB  A:FF X:00 Y:00  P:27 {N0V0?1?0D0I1Z1C1} CLV (B8) [     ]
0263 pc:C97E SP:FB  A:FF X:00 Y:00  P:27 {N0V0?1?0D0I1Z1C1} LDA (A9) [7F   ]
0264 pc:C980 SP:FB  A:7F X:00 Y:00  P:25 {N0V0?1?0D0I1Z0C1} ADC (69) [80   ]
0265 pc:C982 SP:FB  A:00 X:00 Y:00  P:27 {N0V0?1?0D0I1Z1C1} BNE (D0) [09   ]
0266 pc:C984 SP:FB  A:00 X:00 Y:00  P:27 {N0V0?1?0D0I1Z1C1} BMI (30) [07   ]
0267 pc:C986 SP:FB  A:00 X:00 Y:00  P:27 {N0V0?1?0D0I1Z1C1} BVS (70) [05   ]
0268 pc:C988 SP:FB  A:00 X:00 Y:00  P:27 {N0V0?1?0D0I1Z1C1} BCC (90) [03   ]
0269 pc:C98A SP:FB  A:00 X:00 Y:00  P:27 {N0V0?1?0D0I1Z1C1} JMP (4C) [91 C9]
0270 pc:C991 SP:FB  A:00 X:00 Y:00  P:27 {N0V0?1?0D0I1Z1C1} NOP (EA) [     ]
0271 pc:C992 SP:FB  A:00 X:00 Y:00  P:27 {N0V0?1?0D0I1Z1C1} SEC (38) [     ]
0272 pc:C993 SP:FB  A:00 X:00 Y:00  P:27 {N0V0?1?0D0I1Z1C1} CLV (B8) [     ]
0273 pc:C994 SP:FB  A:00 X:00 Y:00  P:27 {N0V0?1?0D0I1Z1C1} LDA (A9) [9F   ]
0274 pc:C996 SP:FB  A:9F X:00 Y:00  P:A5 {N1V0?1?0D0I1Z0C1} BEQ (F0) [09   ]
0275 pc:C998 SP:FB  A:9F X:00 Y:00  P:A5 {N1V0?1?0D0I1Z0C1} BPL (10) [07   ]
0276 pc:C99A SP:FB  A:9F X:00 Y:00  P:A5 {N1V0?1?0D0I1Z0C1} BVS (70) [05   ]
0277 pc:C99C SP:FB  A:9F X:00 Y:00  P:A5 {N1V0?1?0D0I1Z0C1} BCC (90) [03   ]
0278 pc:C99E SP:FB  A:9F X:00 Y:00  P:A5 {N1V0?1?0D0I1Z0C1} JMP (4C) [A5 C9]
0279 pc:C9A5 SP:FB  A:9F X:00 Y:00  P:A5 {N1V0?1?0D0I1Z0C1} NOP (EA) [     ]
0280 pc:C9A6 SP:FB  A:9F X:00 Y:00  P:A5 {N1V0?1?0D0I1Z0C1} CLC (18) [     ]
0281 pc:C9A7 SP:FB  A:9F X:00 Y:00  P:A4 {N1V0?1?0D0I1Z0C0} BIT (24) [01   ]
0282 pc:C9A9 SP:FB  A:9F X:00 Y:00  P:E4 {N1V1?1?0D0I1Z0C0} LDA (A9) [00   ]
0283 pc:C9AB SP:FB  A:00 X:00 Y:00  P:66 {N0V1?1?0D0I1Z1C0} BNE (D0) [09   ]
0284 pc:C9AD SP:FB  A:00 X:00 Y:00  P:66 {N0V1?1?0D0I1Z1C0} BMI (30) [07   ]
0285 pc:C9AF SP:FB  A:00 X:00 Y:00  P:66 {N0V1?1?0D0I1Z1C0} BVC (50) [05   ]
0286 pc:C9B1 SP:FB  A:00 X:00 Y:00  P:66 {N0V1?1?0D0I1Z1C0} BCS (B0) [03   ]
0287 pc:C9B3 SP:FB  A:00 X:00 Y:00  P:66 {N0V1?1?0D0I1Z1C0} JMP (4C) [BA C9]
0288 pc:C9BA SP:FB  A:00 X:00 Y:00  P:66 {N0V1?1?0D0I1Z1C0} NOP (EA) [     ]
0289 pc:C9BB SP:FB  A:00 X:00 Y:00  P:66 {N0V1?1?0D0I1Z1C0} BIT (24) [01   ]
0290 pc:C9BD SP:FB  A:00 X:00 Y:00  P:E6 {N1V1?1?0D0I1Z1C0} LDA (A9) [40   ]
0291 pc:C9BF SP:FB  A:40 X:00 Y:00  P:64 {N0V1?1?0D0I1Z0C0} CMP (C9) [40   ]
0292 pc:C9C1 SP:FB  A:40 X:00 Y:00  P:67 {N0V1?1?0D0I1Z1C1} BMI (30) [09   ]
0293 pc:C9C3 SP:FB  A:40 X:00 Y:00  P:67 {N0V1?1?0D0I1Z1C1} BCC (90) [07   ]
0294 pc:C9C5 SP:FB  A:40 X:00 Y:00  P:67 {N0V1?1?0D0I1Z1C1} BNE (D0) [05   ]
0295 pc:C9C7 SP:FB  A:40 X:00 Y:00  P:67 {N0V1?1?0D0I1Z1C1} BVC (50) [03   ]
0296 pc:C9C9 SP:FB  A:40 X:00 Y:00  P:67 {N0V1?1?0D0I1Z1C1} JMP (4C) [D0 C9]
0297 pc:C9D0 SP:FB  A:40 X:00 Y:00  P:67 {N0V1?1?0D0I1Z1C1} NOP (EA) [     ]
0298 pc:C9D1 SP:FB  A:40 X:00 Y:00  P:67 {N0V1?1?0D0I1Z1C1} CLV (B8) [     ]
0299 pc:C9D2 SP:FB  A:40 X:00 Y:00  P:27 {N0V0?1?0D0I1Z1C1} CMP (C9) [3F   ]
0300 pc:C9D4 SP:FB  A:40 X:00 Y:00  P:25 {N0V0?1?0D0I1Z0C1} BEQ (F0) [09   ]
0301 pc:C9D6 SP:FB  A:40 X:00 Y:00  P:25 {N0V0?1?0D0I1Z0C1} BMI (30) [07   ]
0302 pc:C9D8 SP:FB  A:40 X:00 Y:00  P:25 {N0V0?1?0D0I1Z0C1} BCC (90) [05   ]
0303 pc:C9DA SP:FB  A:40 X:00 Y:00  P:25 {N0V0?1?0D0I1Z0C1} BVS (70) [03   ]
0304 pc:C9DC SP:FB  A:40 X:00 Y:00  P:25 {N0V0?1?0D0I1Z0C1} JMP (4C) [E3 C9]
0305 pc:C9E3 SP:FB  A:40 X:00 Y:00  P:25 {N0V0?1?0D0I1Z0C1} NOP (EA) [     ]
0306 pc:C9E4 SP:FB  A:40 X:00 Y:00  P:25 {N0V0?1?0D0I1Z0C1} CMP (C9) [41   ]
0307 pc:C9E6 SP:FB  A:40 X:00 Y:00  P:A4 {N1V0?1?0D0I1Z0C0} BEQ (F0) [07   ]
0308 pc:C9E8 SP:FB  A:40 X:00 Y:00  P:A4 {N1V0?1?0D0I1Z0C0} BPL (10) [05   ]
0309 pc:C9EA SP:FB  A:40 X:00 Y:00  P:A4 {N1V0?1?0D0I1Z0C0} BPL (10) [03   ]
0310 pc:C9EC SP:FB  A:40 X:00 Y:00  P:A4 {N1V0?1?0D0I1Z0C0} JMP (4C) [F3 C9]
0311 pc:C9F3 SP:FB  A:40 X:00 Y:00  P:A4 {N1V0?1?0D0I1Z0C0} NOP (EA) [     ]
0312 pc:C9F4 SP:FB  A:40 X:00 Y:00  P:A4 {N1V0?1?0D0I1Z0C0} LDA (A9) [80   ]
0313 pc:C9F6 SP:FB  A:80 X:00 Y:00  P:A4 {N1V0?1?0D0I1Z0C0} CMP (C9) [00   ]
0314 pc:C9F8 SP:FB  A:80 X:00 Y:00  P:A5 {N1V0?1?0D0I1Z0C1} BEQ (F0) [07   ]
0315 pc:C9FA SP:FB  A:80 X:00 Y:00  P:A5 {N1V0?1?0D0I1Z0C1} BPL (10) [05   ]
0316 pc:C9FC SP:FB  A:80 X:00 Y:00  P:A5 {N1V0?1?0D0I1Z0C1} BCC (90) [03   ]
0317 pc:C9FE SP:FB  A:80 X:00 Y:00  P:A5 {N1V0?1?0D0I1Z0C1} JMP (4C) [05 CA]
0318 pc:CA05 SP:FB  A:80 X:00 Y:00  P:A5 {N1V0?1?0D0I1Z0C1} NOP (EA) [     ]
0319 pc:CA06 SP:FB  A:80 X:00 Y:00  P:A5 {N1V0?1?0D0I1Z0C1} CMP (C9) [80   ]
0320 pc:CA08 SP:FB  A:80 X:00 Y:00  P:27 {N0V0?1?0D0I1Z1C1} BNE (D0) [07   ]
0321 pc:CA0A SP:FB  A:80 X:00 Y:00  P:27 {N0V0?1?0D0I1Z1C1} BMI (30) [05   ]
0322 pc:CA0C SP:FB  A:80 X:00 Y:00  P:27 {N0V0?1?0D0I1Z1C1} BCC (90) [03   ]
0323 pc:CA0E SP:FB  A:80 X:00 Y:00  P:27 {N0V0?1?0D0I1Z1C1} JMP (4C) [15 CA]
0324 pc:CA15 SP:FB  A:80 X:00 Y:00  P:27 {N0V0?1?0D0I1Z1C1} NOP (EA) [     ]
0325 pc:CA16 SP:FB  A:80 X:00 Y:00  P:27 {N0V0?1?0D0I1Z1C1} CMP (C9) [81   ]
0326 pc:CA18 SP:FB  A:80 X:00 Y:00  P:A4 {N1V0?1?0D0I1Z0C0} BCS (B0) [07   ]
0327 pc:CA1A SP:FB  A:80 X:00 Y:00  P:A4 {N1V0?1?0D0I1Z0C0} BEQ (F0) [05   ]
0328 pc:CA1C SP:FB  A:80 X:00 Y:00  P:A4 {N1V0?1?0D0I1Z0C0} BPL (10) [03   ]
0329 pc:CA1E SP:FB  A:80 X:00 Y:00  P:A4 {N1V0?1?0D0I1Z0C0} JMP (4C) [25 CA]
0330 pc:CA25 SP:FB  A:80 X:00 Y:00  P:A4 {N1V0?1?0D0I1Z0C0} NOP (EA) [     ]
0331 pc:CA26 SP:FB  A:80 X:00 Y:00  P:A4 {N1V0?1?0D0I1Z0C0} CMP (C9) [7F   ]
0332 pc:CA28 SP:FB  A:80 X:00 Y:00  P:25 {N0V0?1?0D0I1Z0C1} BCC (90) [07   ]
0333 pc:CA2A SP:FB  A:80 X:00 Y:00  P:25 {N0V0?1?0D0I1Z0C1} BEQ (F0) [05   ]
0334 pc:CA2C SP:FB  A:80 X:00 Y:00  P:25 {N0V0?1?0D0I1Z0C1} BMI (30) [03   ]
0335 pc:CA2E SP:FB  A:80 X:00 Y:00  P:25 {N0V0?1?0D0I1Z0C1} JMP (4C) [35 CA]
0336 pc:CA35 SP:FB  A:80 X:00 Y:00  P:25 {N0V0?1?0D0I1Z0C1} NOP (EA) [     ]
0337 pc:CA36 SP:FB  A:80 X:00 Y:00  P:25 {N0V0?1?0D0I1Z0C1} BIT (24) [01   ]
0338 pc:CA38 SP:FB  A:80 X:00 Y:00  P:E5 {N1V1?1?0D0I1Z0C1} LDY (A0) [40   ]
0339 pc:CA3A SP:FB  A:80 X:00 Y:40  P:65 {N0V1?1?0D0I1Z0C1} CPY (C0) [40   ]
0340 pc:CA3C SP:FB  A:80 X:00 Y:40  P:67 {N0V1?1?0D0I1Z1C1} BNE (D0) [09   ]
0341 pc:CA3E SP:FB  A:80 X:00 Y:40  P:67 {N0V1?1?0D0I1Z1C1} BMI (30) [07   ]
0342 pc:CA40 SP:FB  A:80 X:00 Y:40  P:67 {N0V1?1?0D0I1Z1C1} BCC (90) [05   ]
0343 pc:CA42 SP:FB  A:80 X:00 Y:40  P:67 {N0V1?1?0D0I1Z1C1} BVC (50) [03   ]
0344 pc:CA44 SP:FB  A:80 X:00 Y:40  P:67 {N0V1?1?0D0I1Z1C1} JMP (4C) [4B CA]
0345 pc:CA4B SP:FB  A:80 X:00 Y:40  P:67 {N0V1?1?0D0I1Z1C1} NOP (EA) [     ]
0346 pc:CA4C SP:FB  A:80 X:00 Y:40  P:67 {N0V1?1?0D0I1Z1C1} CLV (B8) [     ]
0347 pc:CA4D SP:FB  A:80 X:00 Y:40  P:27 {N0V0?1?0D0I1Z1C1} CPY (C0) [3F   ]
0348 pc:CA4F SP:FB  A:80 X:00 Y:40  P:25 {N0V0?1?0D0I1Z0C1} BEQ (F0) [09   ]
0349 pc:CA51 SP:FB  A:80 X:00 Y:40  P:25 {N0V0?1?0D0I1Z0C1} BMI (30) [07   ]
0350 pc:CA53 SP:FB  A:80 X:00 Y:40  P:25 {N0V0?1?0D0I1Z0C1} BCC (90) [05   ]
0351 pc:CA55 SP:FB  A:80 X:00 Y:40  P:25 {N0V0?1?0D0I1Z0C1} BVS (70) [03   ]
0352 pc:CA57 SP:FB  A:80 X:00 Y:40  P:25 {N0V0?1?0D0I1Z0C1} JMP (4C) [5E CA]
0353 pc:CA5E SP:FB  A:80 X:00 Y:40  P:25 {N0V0?1?0D0I1Z0C1} NOP (EA) [     ]
0354 pc:CA5F SP:FB  A:80 X:00 Y:40  P:25 {N0V0?1?0D0I1Z0C1} CPY (C0) [41   ]
0355 pc:CA61 SP:FB  A:80 X:00 Y:40  P:A4 {N1V0?1?0D0I1Z0C0} BEQ (F0) [07   ]
0356 pc:CA63 SP:FB  A:80 X:00 Y:40  P:A4 {N1V0?1?0D0I1Z0C0} BPL (10) [05   ]
0357 pc:CA65 SP:FB  A:80 X:00 Y:40  P:A4 {N1V0?1?0D0I1Z0C0} BPL (10) [03   ]
0358 pc:CA67 SP:FB  A:80 X:00 Y:40  P:A4 {N1V0?1?0D0I1Z0C0} JMP (4C) [6E CA]
0359 pc:CA6E SP:FB  A:80 X:00 Y:40  P:A4 {N1V0?1?0D0I1Z0C0} NOP (EA) [     ]
0360 pc:CA6F SP:FB  A:80 X:00 Y:40  P:A4 {N1V0?1?0D0I1Z0C0} LDY (A0) [80   ]
0361 pc:CA71 SP:FB  A:80 X:00 Y:80  P:A4 {N1V0?1?0D0I1Z0C0} CPY (C0) [00   ]
0362 pc:CA73 SP:FB  A:80 X:00 Y:80  P:A5 {N1V0?1?0D0I1Z0C1} BEQ (F0) [07   ]
0363 pc:CA75 SP:FB  A:80 X:00 Y:80  P:A5 {N1V0?1?0D0I1Z0C1} BPL (10) [05   ]
0364 pc:CA77 SP:FB  A:80 X:00 Y:80  P:A5 {N1V0?1?0D0I1Z0C1} BCC (90) [03   ]
0365 pc:CA79 SP:FB  A:80 X:00 Y:80  P:A5 {N1V0?1?0D0I1Z0C1} JMP (4C) [80 CA]
0366 pc:CA80 SP:FB  A:80 X:00 Y:80  P:A5 {N1V0?1?0D0I1Z0C1} NOP (EA) [     ]
0367 pc:CA81 SP:FB  A:80 X:00 Y:80  P:A5 {N1V0?1?0D0I1Z0C1} CPY (C0) [80   ]
0368 pc:CA83 SP:FB  A:80 X:00 Y:80  P:27 {N0V0?1?0D0I1Z1C1} BNE (D0) [07   ]
0369 pc:CA85 SP:FB  A:80 X:00 Y:80  P:27 {N0V0?1?0D0I1Z1C1} BMI (30) [05   ]
0370 pc:CA87 SP:FB  A:80 X:00 Y:80  P:27 {N0V0?1?0D0I1Z1C1} BCC (90) [03   ]
0371 pc:CA89 SP:FB  A:80 X:00 Y:80  P:27 {N0V0?1?0D0I1Z1C1} JMP (4C) [90 CA]
0372 pc:CA90 SP:FB  A:80 X:00 Y:80  P:27 {N0V0?1?0D0I1Z1C1} NOP (EA) [     ]
0373 pc:CA91 SP:FB  A:80 X:00 Y:80  P:27 {N0V0?1?0D0I1Z1C1} CPY (C0) [81   ]
0374 pc:CA93 SP:FB  A:80 X:00 Y:80  P:A4 {N1V0?1?0D0I1Z0C0} BCS (B0) [07   ]
0375 pc:CA95 SP:FB  A:80 X:00 Y:80  P:A4 {N1V0?1?0D0I1Z0C0} BEQ (F0) [05   ]
0376 pc:CA97 SP:FB  A:80 X:00 Y:80  P:A4 {N1V0?1?0D0I1Z0C0} BPL (10) [03   ]
0377 pc:CA99 SP:FB  A:80 X:00 Y:80  P:A4 {N1V0?1?0D0I1Z0C0} JMP (4C) [A0 CA]
0378 pc:CAA0 SP:FB  A:80 X:00 Y:80  P:A4 {N1V0?1?0D0I1Z0C0} NOP (EA) [     ]
0379 pc:CAA1 SP:FB  A:80 X:00 Y:80  P:A4 {N1V0?1?0D0I1Z0C0} CPY (C0) [7F   ]
0380 pc:CAA3 SP:FB  A:80 X:00 Y:80  P:25 {N0V0?1?0D0I1Z0C1} BCC (90) [07   ]
0381 pc:CAA5 SP:FB  A:80 X:00 Y:80  P:25 {N0V0?1?0D0I1Z0C1} BEQ (F0) [05   ]
0382 pc:CAA7 SP:FB  A:80 X:00 Y:80  P:25 {N0V0?1?0D0I1Z0C1} BMI (30) [03   ]
0383 pc:CAA9 SP:FB  A:80 X:00 Y:80  P:25 {N0V0?1?0D0I1Z0C1} JMP (4C) [B0 CA]
0384 pc:CAB0 SP:FB  A:80 X:00 Y:80  P:25 {N0V0?1?0D0I1Z0C1} NOP (EA) [     ]
0385 pc:CAB1 SP:FB  A:80 X:00 Y:80  P:25 {N0V0?1?0D0I1Z0C1} BIT (24) [01   ]
0386 pc:CAB3 SP:FB  A:80 X:00 Y:80  P:E5 {N1V1?1?0D0I1Z0C1} LDX (A2) [40   ]
0387 pc:CAB5 SP:FB  A:80 X:40 Y:80  P:65 {N0V1?1?0D0I1Z0C1} CPX (E0) [40   ]
0388 pc:CAB7 SP:FB  A:80 X:40 Y:80  P:67 {N0V1?1?0D0I1Z1C1} BNE (D0) [09   ]
0389 pc:CAB9 SP:FB  A:80 X:40 Y:80  P:67 {N0V1?1?0D0I1Z1C1} BMI (30) [07   ]
0390 pc:CABB SP:FB  A:80 X:40 Y:80  P:67 {N0V1?1?0D0I1Z1C1} BCC (90) [05   ]
0391 pc:CABD SP:FB  A:80 X:40 Y:80  P:67 {N0V1?1?0D0I1Z1C1} BVC (50) [03   ]
0392 pc:CABF SP:FB  A:80 X:40 Y:80  P:67 {N0V1?1?0D0I1Z1C1} JMP (4C) [C6 CA]
0393 pc:CAC6 SP:FB  A:80 X:40 Y:80  P:67 {N0V1?1?0D0I1Z1C1} NOP (EA) [     ]
0394 pc:CAC7 SP:FB  A:80 X:40 Y:80  P:67 {N0V1?1?0D0I1Z1C1} CLV (B8) [     ]
0395 pc:CAC8 SP:FB  A:80 X:40 Y:80  P:27 {N0V0?1?0D0I1Z1C1} CPX (E0) [3F   ]
0396 pc:CACA SP:FB  A:80 X:40 Y:80  P:25 {N0V0?1?0D0I1Z0C1} BEQ (F0) [09   ]
0397 pc:CACC SP:FB  A:80 X:40 Y:80  P:25 {N0V0?1?0D0I1Z0C1} BMI (30) [07   ]
0398 pc:CACE SP:FB  A:80 X:40 Y:80  P:25 {N0V0?1?0D0I1Z0C1} BCC (90) [05   ]
0399 pc:CAD0 SP:FB  A:80 X:40 Y:80  P:25 {N0V0?1?0D0I1Z0C1} BVS (70) [03   ]
0400 pc:CAD2 SP:FB  A:80 X:40 Y:80  P:25 {N0V0?1?0D0I1Z0C1} JMP (4C) [D9 CA]
0401 pc:CAD9 SP:FB  A:80 X:40 Y:80  P:25 {N0V0?1?0D0I1Z0C1} NOP (EA) [     ]
0402 pc:CADA SP:FB  A:80 X:40 Y:80  P:25 {N0V0?1?0D0I1Z0C1} CPX (E0) [41   ]
0403 pc:CADC SP:FB  A:80 X:40 Y:80  P:A4 {N1V0?1?0D0I1Z0C0} BEQ (F0) [07   ]
0404 pc:CADE SP:FB  A:80 X:40 Y:80  P:A4 {N1V0?1?0D0I1Z0C0} BPL (10) [05   ]
0405 pc:CAE0 SP:FB  A:80 X:40 Y:80  P:A4 {N1V0?1?0D0I1Z0C0} BPL (10) [03   ]
0406 pc:CAE2 SP:FB  A:80 X:40 Y:80  P:A4 {N1V0?1?0D0I1Z0C0} JMP (4C) [E9 CA]
0407 pc:CAE9 SP:FB  A:80 X:40 Y:80  P:A4 {N1V0?1?0D0I1Z0C0} NOP (EA) [     ]
0408 pc:CAEA SP:FB  A:80 X:40 Y:80  P:A4 {N1V0?1?0D0I1Z0C0} LDX (A2) [80   ]
0409 pc:CAEC SP:FB  A:80 X:80 Y:80  P:A4 {N1V0?1?0D0I1Z0C0} CPX (E0) [00   ]
0410 pc:CAEE SP:FB  A:80 X:80 Y:80  P:A5 {N1V0?1?0D0I1Z0C1} BEQ (F0) [07   ]
0411 pc:CAF0 SP:FB  A:80 X:80 Y:80  P:A5 {N1V0?1?0D0I1Z0C1} BPL (10) [05   ]
0412 pc:CAF2 SP:FB  A:80 X:80 Y:80  P:A5 {N1V0?1?0D0I1Z0C1} BCC (90) [03   ]
0413 pc:CAF4 SP:FB  A:80 X:80 Y:80  P:A5 {N1V0?1?0D0I1Z0C1} JMP (4C) [FB CA]
0414 pc:CAFB SP:FB  A:80 X:80 Y:80  P:A5 {N1V0?1?0D0I1Z0C1} NOP (EA) [     ]
0415 pc:CAFC SP:FB  A:80 X:80 Y:80  P:A5 {N1V0?1?0D0I1Z0C1} CPX (E0) [80   ]
0416 pc:CAFE SP:FB  A:80 X:80 Y:80  P:27 {N0V0?1?0D0I1Z1C1} BNE (D0) [07   ]
0417 pc:CB00 SP:FB  A:80 X:80 Y:80  P:27 {N0V0?1?0D0I1Z1C1} BMI (30) [05   ]
0418 pc:CB02 SP:FB  A:80 X:80 Y:80  P:27 {N0V0?1?0D0I1Z1C1} BCC (90) [03   ]
0419 pc:CB04 SP:FB  A:80 X:80 Y:80  P:27 {N0V0?1?0D0I1Z1C1} JMP (4C) [0B CB]
0420 pc:CB0B SP:FB  A:80 X:80 Y:80  P:27 {N0V0?1?0D0I1Z1C1} NOP (EA) [     ]
0421 pc:CB0C SP:FB  A:80 X:80 Y:80  P:27 {N0V0?1?0D0I1Z1C1} CPX (E0) [81   ]
0422 pc:CB0E SP:FB  A:80 X:80 Y:80  P:A4 {N1V0?1?0D0I1Z0C0} BCS (B0) [07   ]
0423 pc:CB10 SP:FB  A:80 X:80 Y:80  P:A4 {N1V0?1?0D0I1Z0C0} BEQ (F0) [05   ]
0424 pc:CB12 SP:FB  A:80 X:80 Y:80  P:A4 {N1V0?1?0D0I1Z0C0} BPL (10) [03   ]
0425 pc:CB14 SP:FB  A:80 X:80 Y:80  P:A4 {N1V0?1?0D0I1Z0C0} JMP (4C) [1B CB]
0426 pc:CB1B SP:FB  A:80 X:80 Y:80  P:A4 {N1V0?1?0D0I1Z0C0} NOP (EA) [     ]
0427 pc:CB1C SP:FB  A:80 X:80 Y:80  P:A4 {N1V0?1?0D0I1Z0C0} CPX (E0) [7F   ]
0428 pc:CB1E SP:FB  A:80 X:80 Y:80  P:25 {N0V0?1?0D0I1Z0C1} BCC (90) [07   ]
0429 pc:CB20 SP:FB  A:80 X:80 Y:80  P:25 {N0V0?1?0D0I1Z0C1} BEQ (F0) [05   ]
0430 pc:CB22 SP:FB  A:80 X:80 Y:80  P:25 {N0V0?1?0D0I1Z0C1} BMI (30) [03   ]
0431 pc:CB24 SP:FB  A:80 X:80 Y:80  P:25 {N0V0?1?0D0I1Z0C1} JMP (4C) [2B CB]
0432 pc:CB2B SP:FB  A:80 X:80 Y:80  P:25 {N0V0?1?0D0I1Z0C1} NOP (EA) [     ]
0433 pc:CB2C SP:FB  A:80 X:80 Y:80  P:25 {N0V0?1?0D0I1Z0C1} SEC (38) [     ]
0434 pc:CB2D SP:FB  A:80 X:80 Y:80  P:25 {N0V0?1?0D0I1Z0C1} CLV (B8) [     ]
0435 pc:CB2E SP:FB  A:80 X:80 Y:80  P:25 {N0V0?1?0D0I1Z0C1} LDX (A2) [9F   ]
0436 pc:CB30 SP:FB  A:80 X:9F Y:80  P:A5 {N1V0?1?0D0I1Z0C1} BEQ (F0) [09   ]
0437 pc:CB32 SP:FB  A:80 X:9F Y:80  P:A5 {N1V0?1?0D0I1Z0C1} BPL (10) [07   ]
0438 pc:CB34 SP:FB  A:80 X:9F Y:80  P:A5 {N1V0?1?0D0I1Z0C1} BVS (70) [05   ]
0439 pc:CB36 SP:FB  A:80 X:9F Y:80  P:A5 {N1V0?1?0D0I1Z0C1} BCC (90) [03   ]
0440 pc:CB38 SP:FB  A:80 X:9F Y:80  P:A5 {N1V0?1?0D0I1Z0C1} JMP (4C) [3F CB]
0441 pc:CB3F SP:FB  A:80 X:9F Y:80  P:A5 {N1V0?1?0D0I1Z0C1} NOP (EA) [     ]
0442 pc:CB40 SP:FB  A:80 X:9F Y:80  P:A5 {N1V0?1?0D0I1Z0C1} CLC (18) [     ]
0443 pc:CB41 SP:FB  A:80 X:9F Y:80  P:A4 {N1V0?1?0D0I1Z0C0} BIT (24) [01   ]
0444 pc:CB43 SP:FB  A:80 X:9F Y:80  P:E4 {N1V1?1?0D0I1Z0C0} LDX (A2) [00   ]
0445 pc:CB45 SP:FB  A:80 X:00 Y:80  P:66 {N0V1?1?0D0I1Z1C0} BNE (D0) [09   ]
0446 pc:CB47 SP:FB  A:80 X:00 Y:80  P:66 {N0V1?1?0D0I1Z1C0} BMI (30) [07   ]
0447 pc:CB49 SP:FB  A:80 X:00 Y:80  P:66 {N0V1?1?0D0I1Z1C0} BVC (50) [05   ]
0448 pc:CB4B SP:FB  A:80 X:00 Y:80  P:66 {N0V1?1?0D0I1Z1C0} BCS (B0) [03   ]
0449 pc:CB4D SP:FB  A:80 X:00 Y:80  P:66 {N0V1?1?0D0I1Z1C0} JMP (4C) [54 CB]
0450 pc:CB54 SP:FB  A:80 X:00 Y:80  P:66 {N0V1?1?0D0I1Z1C0} NOP (EA) [     ]
0451 pc:CB55 SP:FB  A:80 X:00 Y:80  P:66 {N0V1?1?0D0I1Z1C0} SEC (38) [     ]
0452 pc:CB56 SP:FB  A:80 X:00 Y:80  P:67 {N0V1?1?0D0I1Z1C1} CLV (B8) [     ]
0453 pc:CB57 SP:FB  A:80 X:00 Y:80  P:27 {N0V0?1?0D0I1Z1C1} LDY (A0) [9F   ]
0454 pc:CB59 SP:FB  A:80 X:00 Y:9F  P:A5 {N1V0?1?0D0I1Z0C1} BEQ (F0) [09   ]
0455 pc:CB5B SP:FB  A:80 X:00 Y:9F  P:A5 {N1V0?1?0D0I1Z0C1} BPL (10) [07   ]
0456 pc:CB5D SP:FB  A:80 X:00 Y:9F  P:A5 {N1V0?1?0D0I1Z0C1} BVS (70) [05   ]
0457 pc:CB5F SP:FB  A:80 X:00 Y:9F  P:A5 {N1V0?1?0D0I1Z0C1} BCC (90) [03   ]
0458 pc:CB61 SP:FB  A:80 X:00 Y:9F  P:A5 {N1V0?1?0D0I1Z0C1} JMP (4C) [68 CB]
0459 pc:CB68 SP:FB  A:80 X:00 Y:9F  P:A5 {N1V0?1?0D0I1Z0C1} NOP (EA) [     ]
0460 pc:CB69 SP:FB  A:80 X:00 Y:9F  P:A5 {N1V0?1?0D0I1Z0C1} CLC (18) [     ]
0461 pc:CB6A SP:FB  A:80 X:00 Y:9F  P:A4 {N1V0?1?0D0I1Z0C0} BIT (24) [01   ]
0462 pc:CB6C SP:FB  A:80 X:00 Y:9F  P:E4 {N1V1?1?0D0I1Z0C0} LDY (A0) [00   ]
0463 pc:CB6E SP:FB  A:80 X:00 Y:00  P:66 {N0V1?1?0D0I1Z1C0} BNE (D0) [09   ]
0464 pc:CB70 SP:FB  A:80 X:00 Y:00  P:66 {N0V1?1?0D0I1Z1C0} BMI (30) [07   ]
0465 pc:CB72 SP:FB  A:80 X:00 Y:00  P:66 {N0V1?1?0D0I1Z1C0} BVC (50) [05   ]
0466 pc:CB74 SP:FB  A:80 X:00 Y:00  P:66 {N0V1?1?0D0I1Z1C0} BCS (B0) [03   ]
0467 pc:CB76 SP:FB  A:80 X:00 Y:00  P:66 {N0V1?1?0D0I1Z1C0} JMP (4C) [7D CB]
0468 pc:CB7D SP:FB  A:80 X:00 Y:00  P:66 {N0V1?1?0D0I1Z1C0} NOP (EA) [     ]
0469 pc:CB7E SP:FB  A:80 X:00 Y:00  P:66 {N0V1?1?0D0I1Z1C0} LDA (A9) [55   ]
0470 pc:CB80 SP:FB  A:55 X:00 Y:00  P:64 {N0V1?1?0D0I1Z0C0} LDX (A2) [AA   ]
0471 pc:CB82 SP:FB  A:55 X:AA Y:00  P:E4 {N1V1?1?0D0I1Z0C0} LDY (A0) [33   ]
0472 pc:CB84 SP:FB  A:55 X:AA Y:33  P:64 {N0V1?1?0D0I1Z0C0} CMP (C9) [55   ]
0473 pc:CB86 SP:FB  A:55 X:AA Y:33  P:67 {N0V1?1?0D0I1Z1C1} BNE (D0) [23   ]
0474 pc:CB88 SP:FB  A:55 X:AA Y:33  P:67 {N0V1?1?0D0I1Z1C1} CPX (E0) [AA   ]
0475 pc:CB8A SP:FB  A:55 X:AA Y:33  P:67 {N0V1?1?0D0I1Z1C1} BNE (D0) [1F   ]
0476 pc:CB8C SP:FB  A:55 X:AA Y:33  P:67 {N0V1?1?0D0I1Z1C1} CPY (C0) [33   ]
0477 pc:CB8E SP:FB  A:55 X:AA Y:33  P:67 {N0V1?1?0D0I1Z1C1} BNE (D0) [1B   ]
0478 pc:CB90 SP:FB  A:55 X:AA Y:33  P:67 {N0V1?1?0D0I1Z1C1} CMP (C9) [55   ]
0479 pc:CB92 SP:FB  A:55 X:AA Y:33  P:67 {N0V1?1?0D0I1Z1C1} BNE (D0) [17   ]
0480 pc:CB94 SP:FB  A:55 X:AA Y:33  P:67 {N0V1?1?0D0I1Z1C1} CPX (E0) [AA   ]
0481 pc:CB96 SP:FB  A:55 X:AA Y:33  P:67 {N0V1?1?0D0I1Z1C1} BNE (D0) [13   ]
0482 pc:CB98 SP:FB  A:55 X:AA Y:33  P:67 {N0V1?1?0D0I1Z1C1} CPY (C0) [33   ]
0483 pc:CB9A SP:FB  A:55 X:AA Y:33  P:67 {N0V1?1?0D0I1Z1C1} BNE (D0) [0F   ]
0484 pc:CB9C SP:FB  A:55 X:AA Y:33  P:67 {N0V1?1?0D0I1Z1C1} CMP (C9) [56   ]
0485 pc:CB9E SP:FB  A:55 X:AA Y:33  P:E4 {N1V1?1?0D0I1Z0C0} BEQ (F0) [0B   ]
0486 pc:CBA0 SP:FB  A:55 X:AA Y:33  P:E4 {N1V1?1?0D0I1Z0C0} CPX (E0) [AB   ]
0487 pc:CBA2 SP:FB  A:55 X:AA Y:33  P:E4 {N1V1?1?0D0I1Z0C0} BEQ (F0) [07   ]
0488 pc:CBA4 SP:FB  A:55 X:AA Y:33  P:E4 {N1V1?1?0D0I1Z0C0} CPY (C0) [34   ]
0489 pc:CBA6 SP:FB  A:55 X:AA Y:33  P:E4 {N1V1?1?0D0I1Z0C0} BEQ (F0) [03   ]
0490 pc:CBA8 SP:FB  A:55 X:AA Y:33  P:E4 {N1V1?1?0D0I1Z0C0} JMP (4C) [AF CB]
0491 pc:CBAF SP:FB  A:55 X:AA Y:33  P:E4 {N1V1?1?0D0I1Z0C0} LDY (A0) [71   ]
0492 pc:CBB1 SP:FB  A:55 X:AA Y:71  P:64 {N0V1?1?0D0I1Z0C0} JSR (20) [31 F9]
0493 pc:F931 SP:F9  A:55 X:AA Y:71  P:64 {N0V1?1?0D0I1Z0C0} BIT (24) [01   ]
0494 pc:F933 SP:F9  A:55 X:AA Y:71  P:E4 {N1V1?1?0D0I1Z0C0} LDA (A9) [40   ]
0495 pc:F935 SP:F9  A:40 X:AA Y:71  P:64 {N0V1?1?0D0I1Z0C0} SEC (38) [     ]
0496 pc:F936 SP:F9  A:40 X:AA Y:71  P:65 {N0V1?1?0D0I1Z0C1} RTS (60) [     ]
0497 pc:CBB4 SP:FB  A:40 X:AA Y:71  P:65 {N0V1?1?0D0I1Z0C1} SBC (E9) [40   ]
0498 pc:CBB6 SP:FB  A:00 X:AA Y:71  P:27 {N0V0?1?0D0I1Z1C1} JSR (20) [37 F9]
0499 pc:F937 SP:F9  A:00 X:AA Y:71  P:27 {N0V0?1?0D0I1Z1C1} BMI (30) [0B   ]
0500 pc:F939 SP:F9  A:00 X:AA Y:71  P:27 {N0V0?1?0D0I1Z1C1} BCC (90) [09   ]
0501 pc:F93B SP:F9  A:00 X:AA Y:71  P:27 {N0V0?1?0D0I1Z1C1} BNE (D0) [07   ]
0502 pc:F93D SP:F9  A:00 X:AA Y:71  P:27 {N0V0?1?0D0I1Z1C1} BVS (70) [05   ]
0503 pc:F93F SP:F9  A:00 X:AA Y:71  P:27 {N0V0?1?0D0I1Z1C1} CMP (C9) [00   ]
0504 pc:F941 SP:F9  A:00 X:AA Y:71  P:27 {N0V0?1?0D0I1Z1C1} BNE (D0) [01   ]
0505 pc:F943 SP:F9  A:00 X:AA Y:71  P:27 {N0V0?1?0D0I1Z1C1} RTS (60) [     ]
0506 pc:CBB9 SP:FB  A:00 X:AA Y:71  P:27 {N0V0?1?0D0I1Z1C1} INY (C8) [     ]
0507 pc:CBBA SP:FB  A:00 X:AA Y:72  P:25 {N0V0?1?0D0I1Z0C1} JSR (20) [47 F9]
0508 pc:F947 SP:F9  A:00 X:AA Y:72  P:25 {N0V0?1?0D0I1Z0C1} CLV (B8) [     ]
0509 pc:F948 SP:F9  A:00 X:AA Y:72  P:25 {N0V0?1?0D0I1Z0C1} SEC (38) [     ]
0510 pc:F949 SP:F9  A:00 X:AA Y:72  P:25 {N0V0?1?0D0I1Z0C1} LDA (A9) [40   ]
0511 pc:F94B SP:F9  A:40 X:AA Y:72  P:25 {N0V0?1?0D0I1Z0C1} RTS (60) [     ]
0512 pc:CBBD SP:FB  A:40 X:AA Y:72  P:25 {N0V0?1?0D0I1Z0C1} SBC (E9) [3F   ]
0513 pc:CBBF SP:FB  A:01 X:AA Y:72  P:25 {N0V0?1?0D0I1Z0C1} JSR (20) [4C F9]
0514 pc:F94C SP:F9  A:01 X:AA Y:72  P:25 {N0V0?1?0D0I1Z0C1} BEQ (F0) [0B   ]
0515 pc:F94E SP:F9  A:01 X:AA Y:72  P:25 {N0V0?1?0D0I1Z0C1} BMI (30) [09   ]
0516 pc:F950 SP:F9  A:01 X:AA Y:72  P:25 {N0V0?1?0D0I1Z0C1} BCC (90) [07   ]
0517 pc:F952 SP:F9  A:01 X:AA Y:72  P:25 {N0V0?1?0D0I1Z0C1} BVS (70) [05   ]
0518 pc:F954 SP:F9  A:01 X:AA Y:72  P:25 {N0V0?1?0D0I1Z0C1} CMP (C9) [01   ]
0519 pc:F956 SP:F9  A:01 X:AA Y:72  P:27 {N0V0?1?0D0I1Z1C1} BNE (D0) [01   ]
0520 pc:F958 SP:F9  A:01 X:AA Y:72  P:27 {N0V0?1?0D0I1Z1C1} RTS (60) [     ]
0521 pc:CBC2 SP:FB  A:01 X:AA Y:72  P:27 {N0V0?1?0D0I1Z1C1} INY (C8) [     ]
0522 pc:CBC3 SP:FB  A:01 X:AA Y:73  P:25 {N0V0?1?0D0I1Z0C1} JSR (20) [5C F9]
0523 pc:F95C SP:F9  A:01 X:AA Y:73  P:25 {N0V0?1?0D0I1Z0C1} LDA (A9) [40   ]
0524 pc:F95E SP:F9  A:40 X:AA Y:73  P:25 {N0V0?1?0D0I1Z0C1} SEC (38) [     ]
0525 pc:F95F SP:F9  A:40 X:AA Y:73  P:25 {N0V0?1?0D0I1Z0C1} BIT (24) [01   ]
0526 pc:F961 SP:F9  A:40 X:AA Y:73  P:E5 {N1V1?1?0D0I1Z0C1} RTS (60) [     ]
0527 pc:CBC6 SP:FB  A:40 X:AA Y:73  P:E5 {N1V1?1?0D0I1Z0C1} SBC (E9) [41   ]
0528 pc:CBC8 SP:FB  A:FF X:AA Y:73  P:A4 {N1V0?1?0D0I1Z0C0} JSR (20) [62 F9]
0529 pc:F962 SP:F9  A:FF X:AA Y:73  P:A4 {N1V0?1?0D0I1Z0C0} BCS (B0) [0B   ]
0530 pc:F964 SP:F9  A:FF X:AA Y:73  P:A4 {N1V0?1?0D0I1Z0C0} BEQ (F0) [09   ]
0531 pc:F966 SP:F9  A:FF X:AA Y:73  P:A4 {N1V0?1?0D0I1Z0C0} BPL (10) [07   ]
0532 pc:F968 SP:F9  A:FF X:AA Y:73  P:A4 {N1V0?1?0D0I1Z0C0} BVS (70) [05   ]
0533 pc:F96A SP:F9  A:FF X:AA Y:73  P:A4 {N1V0?1?0D0I1Z0C0} CMP (C9) [FF   ]
0534 pc:F96C SP:F9  A:FF X:AA Y:73  P:27 {N0V0?1?0D0I1Z1C1} BNE (D0) [01   ]
0535 pc:F96E SP:F9  A:FF X:AA Y:73  P:27 {N0V0?1?0D0I1Z1C1} RTS (60) [     ]
0536 pc:CBCB SP:FB  A:FF X:AA Y:73  P:27 {N0V0?1?0D0I1Z1C1} INY (C8) [     ]
0537 pc:CBCC SP:FB  A:FF X:AA Y:74  P:25 {N0V0?1?0D0I1Z0C1} JSR (20) [72 F9]
0538 pc:F972 SP:F9  A:FF X:AA Y:74  P:25 {N0V0?1?0D0I1Z0C1} CLC (18) [     ]
0539 pc:F973 SP:F9  A:FF X:AA Y:74  P:24 {N0V0?1?0D0I1Z0C0} LDA (A9) [80   ]
0540 pc:F975 SP:F9  A:80 X:AA Y:74  P:A4 {N1V0?1?0D0I1Z0C0} RTS (60) [     ]
0541 pc:CBCF SP:FB  A:80 X:AA Y:74  P:A4 {N1V0?1?0D0I1Z0C0} SBC (E9) [00   ]
0542 pc:CBD1 SP:FB  A:7F X:AA Y:74  P:65 {N0V1?1?0D0I1Z0C1} JSR (20) [76 F9]
0543 pc:F976 SP:F9  A:7F X:AA Y:74  P:65 {N0V1?1?0D0I1Z0C1} BCC (90) [05   ]
0544 pc:F978 SP:F9  A:7F X:AA Y:74  P:65 {N0V1?1?0D0I1Z0C1} CMP (C9) [7F   ]
0545 pc:F97A SP:F9  A:7F X:AA Y:74  P:67 {N0V1?1?0D0I1Z1C1} BNE (D0) [01   ]
0546 pc:F97C SP:F9  A:7F X:AA Y:74  P:67 {N0V1?1?0D0I1Z1C1} RTS (60) [     ]
0547 pc:CBD4 SP:FB  A:7F X:AA Y:74  P:67 {N0V1?1?0D0I1Z1C1} INY (C8) [     ]
0548 pc:CBD5 SP:FB  A:7F X:AA Y:75  P:65 {N0V1?1?0D0I1Z0C1} JSR (20) [80 F9]
0549 pc:F980 SP:F9  A:7F X:AA Y:75  P:65 {N0V1?1?0D0I1Z0C1} SEC (38) [     ]
0550 pc:F981 SP:F9  A:7F X:AA Y:75  P:65 {N0V1?1?0D0I1Z0C1} LDA (A9) [81   ]
0551 pc:F983 SP:F9  A:81 X:AA Y:75  P:E5 {N1V1?1?0D0I1Z0C1} RTS (60) [     ]
0552 pc:CBD8 SP:FB  A:81 X:AA Y:75  P:E5 {N1V1?1?0D0I1Z0C1} SBC (E9) [7F   ]
0553 pc:CBDA SP:FB  A:02 X:AA Y:75  P:65 {N0V1?1?0D0I1Z0C1} JSR (20) [84 F9]
0554 pc:F984 SP:F9  A:02 X:AA Y:75  P:65 {N0V1?1?0D0I1Z0C1} BVC (50) [07   ]
0555 pc:F986 SP:F9  A:02 X:AA Y:75  P:65 {N0V1?1?0D0I1Z0C1} BCC (90) [05   ]
0556 pc:F988 SP:F9  A:02 X:AA Y:75  P:65 {N0V1?1?0D0I1Z0C1} CMP (C9) [02   ]
0557 pc:F98A SP:F9  A:02 X:AA Y:75  P:67 {N0V1?1?0D0I1Z1C1} BNE (D0) [01   ]
0558 pc:F98C SP:F9  A:02 X:AA Y:75  P:67 {N0V1?1?0D0I1Z1C1} RTS (60) [     ]
0559 pc:CBDD SP:FB  A:02 X:AA Y:75  P:67 {N0V1?1?0D0I1Z1C1} RTS (60) [     ]
0560 pc:C606 SP:FD  A:02 X:AA Y:75  P:67 {N0V1?1?0D0I1Z1C1} JSR (20) [DE CB]
0561 pc:CBDE SP:FB  A:02 X:AA Y:75  P:67 {N0V1?1?0D0I1Z1C1} NOP (EA) [     ]
0562 pc:CBDF SP:FB  A:02 X:AA Y:75  P:67 {N0V1?1?0D0I1Z1C1} LDA (A9) [FF   ]
0563 pc:CBE1 SP:FB  A:FF X:AA Y:75  P:E5 {N1V1?1?0D0I1Z0C1} STA (85) [01   ]
0564 pc:CBE3 SP:FB  A:FF X:AA Y:75  P:E5 {N1V1?1?0D0I1Z0C1} LDA (A9) [44   ]
0565 pc:CBE5 SP:FB  A:44 X:AA Y:75  P:65 {N0V1?1?0D0I1Z0C1} LDX (A2) [55   ]
0566 pc:CBE7 SP:FB  A:44 X:55 Y:75  P:65 {N0V1?1?0D0I1Z0C1} LDY (A0) [66   ]
0567 pc:CBE9 SP:FB  A:44 X:55 Y:66  P:65 {N0V1?1?0D0I1Z0C1} INX (E8) [     ]
0568 pc:CBEA SP:FB  A:44 X:56 Y:66  P:65 {N0V1?1?0D0I1Z0C1} DEY (88) [     ]
0569 pc:CBEB SP:FB  A:44 X:56 Y:65  P:65 {N0V1?1?0D0I1Z0C1} CPX (E0) [56   ]
0570 pc:CBED SP:FB  A:44 X:56 Y:65  P:67 {N0V1?1?0D0I1Z1C1} BNE (D0) [21   ]
0571 pc:CBEF SP:FB  A:44 X:56 Y:65  P:67 {N0V1?1?0D0I1Z1C1} CPY (C0) [65   ]
0572 pc:CBF1 SP:FB  A:44 X:56 Y:65  P:67 {N0V1?1?0D0I1Z1C1} BNE (D0) [1D   ]
0573 pc:CBF3 SP:FB  A:44 X:56 Y:65  P:67 {N0V1?1?0D0I1Z1C1} INX (E8) [     ]
0574 pc:CBF4 SP:FB  A:44 X:57 Y:65  P:65 {N0V1?1?0D0I1Z0C1} INX (E8) [     ]
0575 pc:CBF5 SP:FB  A:44 X:58 Y:65  P:65 {N0V1?1?0D0I1Z0C1} DEY (88) [     ]
0576 pc:CBF6 SP:FB  A:44 X:58 Y:64  P:65 {N0V1?1?0D0I1Z0C1} DEY (88) [     ]
0577 pc:CBF7 SP:FB  A:44 X:58 Y:63  P:65 {N0V1?1?0D0I1Z0C1} CPX (E0) [58   ]
0578 pc:CBF9 SP:FB  A:44 X:58 Y:63  P:67 {N0V1?1?0D0I1Z1C1} BNE (D0) [15   ]
0579 pc:CBFB SP:FB  A:44 X:58 Y:63  P:67 {N0V1?1?0D0I1Z1C1} CPY (C0) [63   ]
0580 pc:CBFD SP:FB  A:44 X:58 Y:63  P:67 {N0V1?1?0D0I1Z1C1} BNE (D0) [11   ]
0581 pc:CBFF SP:FB  A:44 X:58 Y:63  P:67 {N0V1?1?0D0I1Z1C1} DEX (CA) [     ]
0582 pc:CC00 SP:FB  A:44 X:57 Y:63  P:65 {N0V1?1?0D0I1Z0C1} INY (C8) [     ]
0583 pc:CC01 SP:FB  A:44 X:57 Y:64  P:65 {N0V1?1?0D0I1Z0C1} CPX (E0) [57   ]
0584 pc:CC03 SP:FB  A:44 X:57 Y:64  P:67 {N0V1?1?0D0I1Z1C1} BNE (D0) [0B   ]
0585 pc:CC05 SP:FB  A:44 X:57 Y:64  P:67 {N0V1?1?0D0I1Z1C1} CPY (C0) [64   ]
0586 pc:CC07 SP:FB  A:44 X:57 Y:64  P:67 {N0V1?1?0D0I1Z1C1} BNE (D0) [07   ]
0587 pc:CC09 SP:FB  A:44 X:57 Y:64  P:67 {N0V1?1?0D0I1Z1C1} CMP (C9) [44   ]
0588 pc:CC0B SP:FB  A:44 X:57 Y:64  P:67 {N0V1?1?0D0I1Z1C1} BNE (D0) [03   ]
0589 pc:CC0D SP:FB  A:44 X:57 Y:64  P:67 {N0V1?1?0D0I1Z1C1} JMP (4C) [14 CC]
0590 pc:CC14 SP:FB  A:44 X:57 Y:64  P:67 {N0V1?1?0D0I1Z1C1} NOP (EA) [     ]
0591 pc:CC15 SP:FB  A:44 X:57 Y:64  P:67 {N0V1?1?0D0I1Z1C1} SEC (38) [     ]
0592 pc:CC16 SP:FB  A:44 X:57 Y:64  P:67 {N0V1?1?0D0I1Z1C1} LDX (A2) [69   ]
0593 pc:CC18 SP:FB  A:44 X:69 Y:64  P:65 {N0V1?1?0D0I1Z0C1} LDA (A9) [96   ]
0594 pc:CC1A SP:FB  A:96 X:69 Y:64  P:E5 {N1V1?1?0D0I1Z0C1} BIT (24) [01   ]
0595 pc:CC1C SP:FB  A:96 X:69 Y:64  P:E5 {N1V1?1?0D0I1Z0C1} LDY (A0) [FF   ]
0596 pc:CC1E SP:FB  A:96 X:69 Y:FF  P:E5 {N1V1?1?0D0I1Z0C1} INY (C8) [     ]
0597 pc:CC1F SP:FB  A:96 X:69 Y:00  P:67 {N0V1?1?0D0I1Z1C1} BNE (D0) [3D   ]
0598 pc:CC21 SP:FB  A:96 X:69 Y:00  P:67 {N0V1?1?0D0I1Z1C1} BMI (30) [3B   ]
0599 pc:CC23 SP:FB  A:96 X:69 Y:00  P:67 {N0V1?1?0D0I1Z1C1} BCC (90) [39   ]
0600 pc:CC25 SP:FB  A:96 X:69 Y:00  P:67 {N0V1?1?0D0I1Z1C1} BVC (50) [37   ]
0601 pc:CC27 SP:FB  A:96 X:69 Y:00  P:67 {N0V1?1?0D0I1Z1C1} CPY (C0) [00   ]
0602 pc:CC29 SP:FB  A:96 X:69 Y:00  P:67 {N0V1?1?0D0I1Z1C1} BNE (D0) [33   ]
0603 pc:CC2B SP:FB  A:96 X:69 Y:00  P:67 {N0V1?1?0D0I1Z1C1} INY (C8) [     ]
0604 pc:CC2C SP:FB  A:96 X:69 Y:01  P:65 {N0V1?1?0D0I1Z0C1} BEQ (F0) [30   ]
0605 pc:CC2E SP:FB  A:96 X:69 Y:01  P:65 {N0V1?1?0D0I1Z0C1} BMI (30) [2E   ]
0606 pc:CC30 SP:FB  A:96 X:69 Y:01  P:65 {N0V1?1?0D0I1Z0C1} BCC (90) [2C   ]
0607 pc:CC32 SP:FB  A:96 X:69 Y:01  P:65 {N0V1?1?0D0I1Z0C1} BVC (50) [2A   ]
0608 pc:CC34 SP:FB  A:96 X:69 Y:01  P:65 {N0V1?1?0D0I1Z0C1} CLC (18) [     ]
0609 pc:CC35 SP:FB  A:96 X:69 Y:01  P:64 {N0V1?1?0D0I1Z0C0} CLV (B8) [     ]
0610 pc:CC36 SP:FB  A:96 X:69 Y:01  P:24 {N0V0?1?0D0I1Z0C0} LDY (A0) [00   ]
0611 pc:CC38 SP:FB  A:96 X:69 Y:00  P:26 {N0V0?1?0D0I1Z1C0} DEY (88) [     ]
0612 pc:CC39 SP:FB  A:96 X:69 Y:FF  P:A4 {N1V0?1?0D0I1Z0C0} BEQ (F0) [23   ]
0613 pc:CC3B SP:FB  A:96 X:69 Y:FF  P:A4 {N1V0?1?0D0I1Z0C0} BPL (10) [21   ]
0614 pc:CC3D SP:FB  A:96 X:69 Y:FF  P:A4 {N1V0?1?0D0I1Z0C0} BCS (B0) [1F   ]
0615 pc:CC3F SP:FB  A:96 X:69 Y:FF  P:A4 {N1V0?1?0D0I1Z0C0} BVS (70) [1D   ]
0616 pc:CC41 SP:FB  A:96 X:69 Y:FF  P:A4 {N1V0?1?0D0I1Z0C0} CPY (C0) [FF   ]
0617 pc:CC43 SP:FB  A:96 X:69 Y:FF  P:27 {N0V0?1?0D0I1Z1C1} BNE (D0) [19   ]
0618 pc:CC45 SP:FB  A:96 X:69 Y:FF  P:27 {N0V0?1?0D0I1Z1C1} CLC (18) [     ]
0619 pc:CC46 SP:FB  A:96 X:69 Y:FF  P:26 {N0V0?1?0D0I1Z1C0} DEY (88) [     ]
0620 pc:CC47 SP:FB  A:96 X:69 Y:FE  P:A4 {N1V0?1?0D0I1Z0C0} BEQ (F0) [15   ]
0621 pc:CC49 SP:FB  A:96 X:69 Y:FE  P:A4 {N1V0?1?0D0I1Z0C0} BPL (10) [13   ]
0622 pc:CC4B SP:FB  A:96 X:69 Y:FE  P:A4 {N1V0?1?0D0I1Z0C0} BCS (B0) [11   ]
0623 pc:CC4D SP:FB  A:96 X:69 Y:FE  P:A4 {N1V0?1?0D0I1Z0C0} BVS (70) [0F   ]
0624 pc:CC4F SP:FB  A:96 X:69 Y:FE  P:A4 {N1V0?1?0D0I1Z0C0} CPY (C0) [FE   ]
0625 pc:CC51 SP:FB  A:96 X:69 Y:FE  P:27 {N0V0?1?0D0I1Z1C1} BNE (D0) [0B   ]
0626 pc:CC53 SP:FB  A:96 X:69 Y:FE  P:27 {N0V0?1?0D0I1Z1C1} CMP (C9) [96   ]
0627 pc:CC55 SP:FB  A:96 X:69 Y:FE  P:27 {N0V0?1?0D0I1Z1C1} BNE (D0) [07   ]
0628 pc:CC57 SP:FB  A:96 X:69 Y:FE  P:27 {N0V0?1?0D0I1Z1C1} CPX (E0) [69   ]
0629 pc:CC59 SP:FB  A:96 X:69 Y:FE  P:27 {N0V0?1?0D0I1Z1C1} BNE (D0) [03   ]
0630 pc:CC5B SP:FB  A:96 X:69 Y:FE  P:27 {N0V0?1?0D0I1Z1C1} JMP (4C) [62 CC]
0631 pc:CC62 SP:FB  A:96 X:69 Y:FE  P:27 {N0V0?1?0D0I1Z1C1} NOP (EA) [     ]
0632 pc:CC63 SP:FB  A:96 X:69 Y:FE  P:27 {N0V0?1?0D0I1Z1C1} SEC (38) [     ]
0633 pc:CC64 SP:FB  A:96 X:69 Y:FE  P:27 {N0V0?1?0D0I1Z1C1} LDY (A0) [69   ]
0634 pc:CC66 SP:FB  A:96 X:69 Y:69  P:25 {N0V0?1?0D0I1Z0C1} LDA (A9) [96   ]
0635 pc:CC68 SP:FB  A:96 X:69 Y:69  P:A5 {N1V0?1?0D0I1Z0C1} BIT (24) [01   ]
0636 pc:CC6A SP:FB  A:96 X:69 Y:69  P:E5 {N1V1?1?0D0I1Z0C1} LDX (A2) [FF   ]
0637 pc:CC6C SP:FB  A:96 X:FF Y:69  P:E5 {N1V1?1?0D0I1Z0C1} INX (E8) [     ]
0638 pc:CC6D SP:FB  A:96 X:00 Y:69  P:67 {N0V1?1?0D0I1Z1C1} BNE (D0) [3D   ]
0639 pc:CC6F SP:FB  A:96 X:00 Y:69  P:67 {N0V1?1?0D0I1Z1C1} BMI (30) [3B   ]
0640 pc:CC71 SP:FB  A:96 X:00 Y:69  P:67 {N0V1?1?0D0I1Z1C1} BCC (90) [39   ]
0641 pc:CC73 SP:FB  A:96 X:00 Y:69  P:67 {N0V1?1?0D0I1Z1C1} BVC (50) [37   ]
0642 pc:CC75 SP:FB  A:96 X:00 Y:69  P:67 {N0V1?1?0D0I1Z1C1} CPX (E0) [00   ]
0643 pc:CC77 SP:FB  A:96 X:00 Y:69  P:67 {N0V1?1?0D0I1Z1C1} BNE (D0) [33   ]
0644 pc:CC79 SP:FB  A:96 X:00 Y:69  P:67 {N0V1?1?0D0I1Z1C1} INX (E8) [     ]
0645 pc:CC7A SP:FB  A:96 X:01 Y:69  P:65 {N0V1?1?0D0I1Z0C1} BEQ (F0) [30   ]
0646 pc:CC7C SP:FB  A:96 X:01 Y:69  P:65 {N0V1?1?0D0I1Z0C1} BMI (30) [2E   ]
0647 pc:CC7E SP:FB  A:96 X:01 Y:69  P:65 {N0V1?1?0D0I1Z0C1} BCC (90) [2C   ]
0648 pc:CC80 SP:FB  A:96 X:01 Y:69  P:65 {N0V1?1?0D0I1Z0C1} BVC (50) [2A   ]
0649 pc:CC82 SP:FB  A:96 X:01 Y:69  P:65 {N0V1?1?0D0I1Z0C1} CLC (18) [     ]
0650 pc:CC83 SP:FB  A:96 X:01 Y:69  P:64 {N0V1?1?0D0I1Z0C0} CLV (B8) [     ]
0651 pc:CC84 SP:FB  A:96 X:01 Y:69  P:24 {N0V0?1?0D0I1Z0C0} LDX (A2) [00   ]
0652 pc:CC86 SP:FB  A:96 X:00 Y:69  P:26 {N0V0?1?0D0I1Z1C0} DEX (CA) [     ]
0653 pc:CC87 SP:FB  A:96 X:FF Y:69  P:A4 {N1V0?1?0D0I1Z0C0} BEQ (F0) [23   ]
0654 pc:CC89 SP:FB  A:96 X:FF Y:69  P:A4 {N1V0?1?0D0I1Z0C0} BPL (10) [21   ]
0655 pc:CC8B SP:FB  A:96 X:FF Y:69  P:A4 {N1V0?1?0D0I1Z0C0} BCS (B0) [1F   ]
0656 pc:CC8D SP:FB  A:96 X:FF Y:69  P:A4 {N1V0?1?0D0I1Z0C0} BVS (70) [1D   ]
0657 pc:CC8F SP:FB  A:96 X:FF Y:69  P:A4 {N1V0?1?0D0I1Z0C0} CPX (E0) [FF   ]
0658 pc:CC91 SP:FB  A:96 X:FF Y:69  P:27 {N0V0?1?0D0I1Z1C1} BNE (D0) [19   ]
0659 pc:CC93 SP:FB  A:96 X:FF Y:69  P:27 {N0V0?1?0D0I1Z1C1} CLC (18) [     ]
0660 pc:CC94 SP:FB  A:96 X:FF Y:69  P:26 {N0V0?1?0D0I1Z1C0} DEX (CA) [     ]
0661 pc:CC95 SP:FB  A:96 X:FE Y:69  P:A4 {N1V0?1?0D0I1Z0C0} BEQ (F0) [15   ]
0662 pc:CC97 SP:FB  A:96 X:FE Y:69  P:A4 {N1V0?1?0D0I1Z0C0} BPL (10) [13   ]
0663 pc:CC99 SP:FB  A:96 X:FE Y:69  P:A4 {N1V0?1?0D0I1Z0C0} BCS (B0) [11   ]
0664 pc:CC9B SP:FB  A:96 X:FE Y:69  P:A4 {N1V0?1?0D0I1Z0C0} BVS (70) [0F   ]
0665 pc:CC9D SP:FB  A:96 X:FE Y:69  P:A4 {N1V0?1?0D0I1Z0C0} CPX (E0) [FE   ]
0666 pc:CC9F SP:FB  A:96 X:FE Y:69  P:27 {N0V0?1?0D0I1Z1C1} BNE (D0) [0B   ]
0667 pc:CCA1 SP:FB  A:96 X:FE Y:69  P:27 {N0V0?1?0D0I1Z1C1} CMP (C9) [96   ]
0668 pc:CCA3 SP:FB  A:96 X:FE Y:69  P:27 {N0V0?1?0D0I1Z1C1} BNE (D0) [07   ]
0669 pc:CCA5 SP:FB  A:96 X:FE Y:69  P:27 {N0V0?1?0D0I1Z1C1} CPY (C0) [69   ]
0670 pc:CCA7 SP:FB  A:96 X:FE Y:69  P:27 {N0V0?1?0D0I1Z1C1} BNE (D0) [03   ]
0671 pc:CCA9 SP:FB  A:96 X:FE Y:69  P:27 {N0V0?1?0D0I1Z1C1} JMP (4C) [B0 CC]
0672 pc:CCB0 SP:FB  A:96 X:FE Y:69  P:27 {N0V0?1?0D0I1Z1C1} NOP (EA) [     ]
0673 pc:CCB1 SP:FB  A:96 X:FE Y:69  P:27 {N0V0?1?0D0I1Z1C1} LDA (A9) [85   ]
0674 pc:CCB3 SP:FB  A:85 X:FE Y:69  P:A5 {N1V0?1?0D0I1Z0C1} LDX (A2) [34   ]
0675 pc:CCB5 SP:FB  A:85 X:34 Y:69  P:25 {N0V0?1?0D0I1Z0C1} LDY (A0) [99   ]
0676 pc:CCB7 SP:FB  A:85 X:34 Y:99  P:A5 {N1V0?1?0D0I1Z0C1} CLC (18) [     ]
0677 pc:CCB8 SP:FB  A:85 X:34 Y:99  P:A4 {N1V0?1?0D0I1Z0C0} BIT (24) [01   ]
0678 pc:CCBA SP:FB  A:85 X:34 Y:99  P:E4 {N1V1?1?0D0I1Z0C0} TAY (A8) [     ]
0679 pc:CCBB SP:FB  A:85 X:34 Y:85  P:E4 {N1V1?1?0D0I1Z0C0} BEQ (F0) [2E   ]
0680 pc:CCBD SP:FB  A:85 X:34 Y:85  P:E4 {N1V1?1?0D0I1Z0C0} BCS (B0) [2C   ]
0681 pc:CCBF SP:FB  A:85 X:34 Y:85  P:E4 {N1V1?1?0D0I1Z0C0} BVC (50) [2A   ]
0682 pc:CCC1 SP:FB  A:85 X:34 Y:85  P:E4 {N1V1?1?0D0I1Z0C0} BPL (10) [28   ]
0683 pc:CCC3 SP:FB  A:85 X:34 Y:85  P:E4 {N1V1?1?0D0I1Z0C0} CMP (C9) [85   ]
0684 pc:CCC5 SP:FB  A:85 X:34 Y:85  P:67 {N0V1?1?0D0I1Z1C1} BNE (D0) [24   ]
0685 pc:CCC7 SP:FB  A:85 X:34 Y:85  P:67 {N0V1?1?0D0I1Z1C1} CPX (E0) [34   ]
0686 pc:CCC9 SP:FB  A:85 X:34 Y:85  P:67 {N0V1?1?0D0I1Z1C1} BNE (D0) [20   ]
0687 pc:CCCB SP:FB  A:85 X:34 Y:85  P:67 {N0V1?1?0D0I1Z1C1} CPY (C0) [85   ]
0688 pc:CCCD SP:FB  A:85 X:34 Y:85  P:67 {N0V1?1?0D0I1Z1C1} BNE (D0) [1C   ]
0689 pc:CCCF SP:FB  A:85 X:34 Y:85  P:67 {N0V1?1?0D0I1Z1C1} LDA (A9) [00   ]
0690 pc:CCD1 SP:FB  A:00 X:34 Y:85  P:67 {N0V1?1?0D0I1Z1C1} SEC (38) [     ]
0691 pc:CCD2 SP:FB  A:00 X:34 Y:85  P:67 {N0V1?1?0D0I1Z1C1} CLV (B8) [     ]
0692 pc:CCD3 SP:FB  A:00 X:34 Y:85  P:27 {N0V0?1?0D0I1Z1C1} TAY (A8) [     ]
0693 pc:CCD4 SP:FB  A:00 X:34 Y:00  P:27 {N0V0?1?0D0I1Z1C1} BNE (D0) [15   ]
0694 pc:CCD6 SP:FB  A:00 X:34 Y:00  P:27 {N0V0?1?0D0I1Z1C1} BCC (90) [13   ]
0695 pc:CCD8 SP:FB  A:00 X:34 Y:00  P:27 {N0V0?1?0D0I1Z1C1} BVS (70) [11   ]
0696 pc:CCDA SP:FB  A:00 X:34 Y:00  P:27 {N0V0?1?0D0I1Z1C1} BMI (30) [0F   ]
0697 pc:CCDC SP:FB  A:00 X:34 Y:00  P:27 {N0V0?1?0D0I1Z1C1} CMP (C9) [00   ]
0698 pc:CCDE SP:FB  A:00 X:34 Y:00  P:27 {N0V0?1?0D0I1Z1C1} BNE (D0) [0B   ]
0699 pc:CCE0 SP:FB  A:00 X:34 Y:00  P:27 {N0V0?1?0D0I1Z1C1} CPX (E0) [34   ]
0700 pc:CCE2 SP:FB  A:00 X:34 Y:00  P:27 {N0V0?1?0D0I1Z1C1} BNE (D0) [07   ]
0701 pc:CCE4 SP:FB  A:00 X:34 Y:00  P:27 {N0V0?1?0D0I1Z1C1} CPY (C0) [00   ]
0702 pc:CCE6 SP:FB  A:00 X:34 Y:00  P:27 {N0V0?1?0D0I1Z1C1} BNE (D0) [03   ]
0703 pc:CCE8 SP:FB  A:00 X:34 Y:00  P:27 {N0V0?1?0D0I1Z1C1} JMP (4C) [EF CC]
0704 pc:CCEF SP:FB  A:00 X:34 Y:00  P:27 {N0V0?1?0D0I1Z1C1} NOP (EA) [     ]
0705 pc:CCF0 SP:FB  A:00 X:34 Y:00  P:27 {N0V0?1?0D0I1Z1C1} LDA (A9) [85   ]
0706 pc:CCF2 SP:FB  A:85 X:34 Y:00  P:A5 {N1V0?1?0D0I1Z0C1} LDX (A2) [34   ]
0707 pc:CCF4 SP:FB  A:85 X:34 Y:00  P:25 {N0V0?1?0D0I1Z0C1} LDY (A0) [99   ]
0708 pc:CCF6 SP:FB  A:85 X:34 Y:99  P:A5 {N1V0?1?0D0I1Z0C1} CLC (18) [     ]
0709 pc:CCF7 SP:FB  A:85 X:34 Y:99  P:A4 {N1V0?1?0D0I1Z0C0} BIT (24) [01   ]
0710 pc:CCF9 SP:FB  A:85 X:34 Y:99  P:E4 {N1V1?1?0D0I1Z0C0} TAX (AA) [     ]
0711 pc:CCFA SP:FB  A:85 X:85 Y:99  P:E4 {N1V1?1?0D0I1Z0C0} BEQ (F0) [2E   ]
0712 pc:CCFC SP:FB  A:85 X:85 Y:99  P:E4 {N1V1?1?0D0I1Z0C0} BCS (B0) [2C   ]
0713 pc:CCFE SP:FB  A:85 X:85 Y:99  P:E4 {N1V1?1?0D0I1Z0C0} BVC (50) [2A   ]
0714 pc:CD00 SP:FB  A:85 X:85 Y:99  P:E4 {N1V1?1?0D0I1Z0C0} BPL (10) [28   ]
0715 pc:CD02 SP:FB  A:85 X:85 Y:99  P:E4 {N1V1?1?0D0I1Z0C0} CMP (C9) [85   ]
0716 pc:CD04 SP:FB  A:85 X:85 Y:99  P:67 {N0V1?1?0D0I1Z1C1} BNE (D0) [24   ]
0717 pc:CD06 SP:FB  A:85 X:85 Y:99  P:67 {N0V1?1?0D0I1Z1C1} CPX (E0) [85   ]
0718 pc:CD08 SP:FB  A:85 X:85 Y:99  P:67 {N0V1?1?0D0I1Z1C1} BNE (D0) [20   ]
0719 pc:CD0A SP:FB  A:85 X:85 Y:99  P:67 {N0V1?1?0D0I1Z1C1} CPY (C0) [99   ]
0720 pc:CD0C SP:FB  A:85 X:85 Y:99  P:67 {N0V1?1?0D0I1Z1C1} BNE (D0) [1C   ]
0721 pc:CD0E SP:FB  A:85 X:85 Y:99  P:67 {N0V1?1?0D0I1Z1C1} LDA (A9) [00   ]
0722 pc:CD10 SP:FB  A:00 X:85 Y:99  P:67 {N0V1?1?0D0I1Z1C1} SEC (38) [     ]
0723 pc:CD11 SP:FB  A:00 X:85 Y:99  P:67 {N0V1?1?0D0I1Z1C1} CLV (B8) [     ]
0724 pc:CD12 SP:FB  A:00 X:85 Y:99  P:27 {N0V0?1?0D0I1Z1C1} TAX (AA) [     ]
0725 pc:CD13 SP:FB  A:00 X:00 Y:99  P:27 {N0V0?1?0D0I1Z1C1} BNE (D0) [15   ]
0726 pc:CD15 SP:FB  A:00 X:00 Y:99  P:27 {N0V0?1?0D0I1Z1C1} BCC (90) [13   ]
0727 pc:CD17 SP:FB  A:00 X:00 Y:99  P:27 {N0V0?1?0D0I1Z1C1} BVS (70) [11   ]
0728 pc:CD19 SP:FB  A:00 X:00 Y:99  P:27 {N0V0?1?0D0I1Z1C1} BMI (30) [0F   ]
0729 pc:CD1B SP:FB  A:00 X:00 Y:99  P:27 {N0V0?1?0D0I1Z1C1} CMP (C9) [00   ]
0730 pc:CD1D SP:FB  A:00 X:00 Y:99  P:27 {N0V0?1?0D0I1Z1C1} BNE (D0) [0B   ]
0731 pc:CD1F SP:FB  A:00 X:00 Y:99  P:27 {N0V0?1?0D0I1Z1C1} CPX (E0) [00   ]
0732 pc:CD21 SP:FB  A:00 X:00 Y:99  P:27 {N0V0?1?0D0I1Z1C1} BNE (D0) [07   ]
0733 pc:CD23 SP:FB  A:00 X:00 Y:99  P:27 {N0V0?1?0D0I1Z1C1} CPY (C0) [99   ]
0734 pc:CD25 SP:FB  A:00 X:00 Y:99  P:27 {N0V0?1?0D0I1Z1C1} BNE (D0) [03   ]
0735 pc:CD27 SP:FB  A:00 X:00 Y:99  P:27 {N0V0?1?0D0I1Z1C1} JMP (4C) [2E CD]
0736 pc:CD2E SP:FB  A:00 X:00 Y:99  P:27 {N0V0?1?0D0I1Z1C1} NOP (EA) [     ]
0737 pc:CD2F SP:FB  A:00 X:00 Y:99  P:27 {N0V0?1?0D0I1Z1C1} LDA (A9) [85   ]
0738 pc:CD31 SP:FB  A:85 X:00 Y:99  P:A5 {N1V0?1?0D0I1Z0C1} LDX (A2) [34   ]
0739 pc:CD33 SP:FB  A:85 X:34 Y:99  P:25 {N0V0?1?0D0I1Z0C1} LDY (A0) [99   ]
0740 pc:CD35 SP:FB  A:85 X:34 Y:99  P:A5 {N1V0?1?0D0I1Z0C1} CLC (18) [     ]
0741 pc:CD36 SP:FB  A:85 X:34 Y:99  P:A4 {N1V0?1?0D0I1Z0C0} BIT (24) [01   ]
0742 pc:CD38 SP:FB  A:85 X:34 Y:99  P:E4 {N1V1?1?0D0I1Z0C0} TYA (98) [     ]
0743 pc:CD39 SP:FB  A:99 X:34 Y:99  P:E4 {N1V1?1?0D0I1Z0C0} BEQ (F0) [2E   ]
0744 pc:CD3B SP:FB  A:99 X:34 Y:99  P:E4 {N1V1?1?0D0I1Z0C0} BCS (B0) [2C   ]
0745 pc:CD3D SP:FB  A:99 X:34 Y:99  P:E4 {N1V1?1?0D0I1Z0C0} BVC (50) [2A   ]
0746 pc:CD3F SP:FB  A:99 X:34 Y:99  P:E4 {N1V1?1?0D0I1Z0C0} BPL (10) [28   ]
0747 pc:CD41 SP:FB  A:99 X:34 Y:99  P:E4 {N1V1?1?0D0I1Z0C0} CMP (C9) [99   ]
0748 pc:CD43 SP:FB  A:99 X:34 Y:99  P:67 {N0V1?1?0D0I1Z1C1} BNE (D0) [24   ]
0749 pc:CD45 SP:FB  A:99 X:34 Y:99  P:67 {N0V1?1?0D0I1Z1C1} CPX (E0) [34   ]
0750 pc:CD47 SP:FB  A:99 X:34 Y:99  P:67 {N0V1?1?0D0I1Z1C1} BNE (D0) [20   ]
0751 pc:CD49 SP:FB  A:99 X:34 Y:99  P:67 {N0V1?1?0D0I1Z1C1} CPY (C0) [99   ]
0752 pc:CD4B SP:FB  A:99 X:34 Y:99  P:67 {N0V1?1?0D0I1Z1C1} BNE (D0) [1C   ]
0753 pc:CD4D SP:FB  A:99 X:34 Y:99  P:67 {N0V1?1?0D0I1Z1C1} LDY (A0) [00   ]
0754 pc:CD4F SP:FB  A:99 X:34 Y:00  P:67 {N0V1?1?0D0I1Z1C1} SEC (38) [     ]
0755 pc:CD50 SP:FB  A:99 X:34 Y:00  P:67 {N0V1?1?0D0I1Z1C1} CLV (B8) [     ]
0756 pc:CD51 SP:FB  A:99 X:34 Y:00  P:27 {N0V0?1?0D0I1Z1C1} TYA (98) [     ]
0757 pc:CD52 SP:FB  A:00 X:34 Y:00  P:27 {N0V0?1?0D0I1Z1C1} BNE (D0) [15   ]
0758 pc:CD54 SP:FB  A:00 X:34 Y:00  P:27 {N0V0?1?0D0I1Z1C1} BCC (90) [13   ]
0759 pc:CD56 SP:FB  A:00 X:34 Y:00  P:27 {N0V0?1?0D0I1Z1C1} BVS (70) [11   ]
0760 pc:CD58 SP:FB  A:00 X:34 Y:00  P:27 {N0V0?1?0D0I1Z1C1} BMI (30) [0F   ]
0761 pc:CD5A SP:FB  A:00 X:34 Y:00  P:27 {N0V0?1?0D0I1Z1C1} CMP (C9) [00   ]
0762 pc:CD5C SP:FB  A:00 X:34 Y:00  P:27 {N0V0?1?0D0I1Z1C1} BNE (D0) [0B   ]
0763 pc:CD5E SP:FB  A:00 X:34 Y:00  P:27 {N0V0?1?0D0I1Z1C1} CPX (E0) [34   ]
0764 pc:CD60 SP:FB  A:00 X:34 Y:00  P:27 {N0V0?1?0D0I1Z1C1} BNE (D0) [07   ]
0765 pc:CD62 SP:FB  A:00 X:34 Y:00  P:27 {N0V0?1?0D0I1Z1C1} CPY (C0) [00   ]
0766 pc:CD64 SP:FB  A:00 X:34 Y:00  P:27 {N0V0?1?0D0I1Z1C1} BNE (D0) [03   ]
0767 pc:CD66 SP:FB  A:00 X:34 Y:00  P:27 {N0V0?1?0D0I1Z1C1} JMP (4C) [6D CD]
0768 pc:CD6D SP:FB  A:00 X:34 Y:00  P:27 {N0V0?1?0D0I1Z1C1} NOP (EA) [     ]
0769 pc:CD6E SP:FB  A:00 X:34 Y:00  P:27 {N0V0?1?0D0I1Z1C1} LDA (A9) [85   ]
0770 pc:CD70 SP:FB  A:85 X:34 Y:00  P:A5 {N1V0?1?0D0I1Z0C1} LDX (A2) [34   ]
0771 pc:CD72 SP:FB  A:85 X:34 Y:00  P:25 {N0V0?1?0D0I1Z0C1} LDY (A0) [99   ]
0772 pc:CD74 SP:FB  A:85 X:34 Y:99  P:A5 {N1V0?1?0D0I1Z0C1} CLC (18) [     ]
0773 pc:CD75 SP:FB  A:85 X:34 Y:99  P:A4 {N1V0?1?0D0I1Z0C0} BIT (24) [01   ]
0774 pc:CD77 SP:FB  A:85 X:34 Y:99  P:E4 {N1V1?1?0D0I1Z0C0} TXA (8A) [     ]
0775 pc:CD78 SP:FB  A:34 X:34 Y:99  P:64 {N0V1?1?0D0I1Z0C0} BEQ (F0) [2E   ]
0776 pc:CD7A SP:FB  A:34 X:34 Y:99  P:64 {N0V1?1?0D0I1Z0C0} BCS (B0) [2C   ]
0777 pc:CD7C SP:FB  A:34 X:34 Y:99  P:64 {N0V1?1?0D0I1Z0C0} BVC (50) [2A   ]
0778 pc:CD7E SP:FB  A:34 X:34 Y:99  P:64 {N0V1?1?0D0I1Z0C0} BMI (30) [28   ]
0779 pc:CD80 SP:FB  A:34 X:34 Y:99  P:64 {N0V1?1?0D0I1Z0C0} CMP (C9) [34   ]
0780 pc:CD82 SP:FB  A:34 X:34 Y:99  P:67 {N0V1?1?0D0I1Z1C1} BNE (D0) [24   ]
0781 pc:CD84 SP:FB  A:34 X:34 Y:99  P:67 {N0V1?1?0D0I1Z1C1} CPX (E0) [34   ]
0782 pc:CD86 SP:FB  A:34 X:34 Y:99  P:67 {N0V1?1?0D0I1Z1C1} BNE (D0) [20   ]
0783 pc:CD88 SP:FB  A:34 X:34 Y:99  P:67 {N0V1?1?0D0I1Z1C1} CPY (C0) [99   ]
0784 pc:CD8A SP:FB  A:34 X:34 Y:99  P:67 {N0V1?1?0D0I1Z1C1} BNE (D0) [1C   ]
0785 pc:CD8C SP:FB  A:34 X:34 Y:99  P:67 {N0V1?1?0D0I1Z1C1} LDX (A2) [00   ]
0786 pc:CD8E SP:FB  A:34 X:00 Y:99  P:67 {N0V1?1?0D0I1Z1C1} SEC (38) [     ]
0787 pc:CD8F SP:FB  A:34 X:00 Y:99  P:67 {N0V1?1?0D0I1Z1C1} CLV (B8) [     ]
0788 pc:CD90 SP:FB  A:34 X:00 Y:99  P:27 {N0V0?1?0D0I1Z1C1} TXA (8A) [     ]
0789 pc:CD91 SP:FB  A:00 X:00 Y:99  P:27 {N0V0?1?0D0I1Z1C1} BNE (D0) [15   ]
0790 pc:CD93 SP:FB  A:00 X:00 Y:99  P:27 {N0V0?1?0D0I1Z1C1} BCC (90) [13   ]
0791 pc:CD95 SP:FB  A:00 X:00 Y:99  P:27 {N0V0?1?0D0I1Z1C1} BVS (70) [11   ]
0792 pc:CD97 SP:FB  A:00 X:00 Y:99  P:27 {N0V0?1?0D0I1Z1C1} BMI (30) [0F   ]
0793 pc:CD99 SP:FB  A:00 X:00 Y:99  P:27 {N0V0?1?0D0I1Z1C1} CMP (C9) [00   ]
0794 pc:CD9B SP:FB  A:00 X:00 Y:99  P:27 {N0V0?1?0D0I1Z1C1} BNE (D0) [0B   ]
0795 pc:CD9D SP:FB  A:00 X:00 Y:99  P:27 {N0V0?1?0D0I1Z1C1} CPX (E0) [00   ]
0796 pc:CD9F SP:FB  A:00 X:00 Y:99  P:27 {N0V0?1?0D0I1Z1C1} BNE (D0) [07   ]
0797 pc:CDA1 SP:FB  A:00 X:00 Y:99  P:27 {N0V0?1?0D0I1Z1C1} CPY (C0) [99   ]
0798 pc:CDA3 SP:FB  A:00 X:00 Y:99  P:27 {N0V0?1?0D0I1Z1C1} BNE (D0) [03   ]
0799 pc:CDA5 SP:FB  A:00 X:00 Y:99  P:27 {N0V0?1?0D0I1Z1C1} JMP (4C) [AC CD]
0800 pc:CDAC SP:FB  A:00 X:00 Y:99  P:27 {N0V0?1?0D0I1Z1C1} NOP (EA) [     ]
0801 pc:CDAD SP:FB  A:00 X:00 Y:99  P:27 {N0V0?1?0D0I1Z1C1} TSX (BA) [     ]
0802 pc:CDAE SP:FB  A:00 X:FB Y:99  P:A5 {N1V0?1?0D0I1Z0C1} STX (8E) [FF 07]
0803 pc:CDB1 SP:FB  A:00 X:FB Y:99  P:A5 {N1V0?1?0D0I1Z0C1} LDY (A0) [33   ]
0804 pc:CDB3 SP:FB  A:00 X:FB Y:33  P:25 {N0V0?1?0D0I1Z0C1} LDX (A2) [69   ]
0805 pc:CDB5 SP:FB  A:00 X:69 Y:33  P:25 {N0V0?1?0D0I1Z0C1} LDA (A9) [84   ]
0806 pc:CDB7 SP:FB  A:84 X:69 Y:33  P:A5 {N1V0?1?0D0I1Z0C1} CLC (18) [     ]
0807 pc:CDB8 SP:FB  A:84 X:69 Y:33  P:A4 {N1V0?1?0D0I1Z0C0} BIT (24) [01   ]
0808 pc:CDBA SP:FB  A:84 X:69 Y:33  P:E4 {N1V1?1?0D0I1Z0C0} TXS (9A) [     ]
0809 pc:CDBB SP:69  A:84 X:69 Y:33  P:E4 {N1V1?1?0D0I1Z0C0} BEQ (F0) [32   ]
0810 pc:CDBD SP:69  A:84 X:69 Y:33  P:E4 {N1V1?1?0D0I1Z0C0} BPL (10) [30   ]
0811 pc:CDBF SP:69  A:84 X:69 Y:33  P:E4 {N1V1?1?0D0I1Z0C0} BCS (B0) [2E   ]
0812 pc:CDC1 SP:69  A:84 X:69 Y:33  P:E4 {N1V1?1?0D0I1Z0C0} BVC (50) [2C   ]
0813 pc:CDC3 SP:69  A:84 X:69 Y:33  P:E4 {N1V1?1?0D0I1Z0C0} CMP (C9) [84   ]
0814 pc:CDC5 SP:69  A:84 X:69 Y:33  P:67 {N0V1?1?0D0I1Z1C1} BNE (D0) [28   ]
0815 pc:CDC7 SP:69  A:84 X:69 Y:33  P:67 {N0V1?1?0D0I1Z1C1} CPX (E0) [69   ]
0816 pc:CDC9 SP:69  A:84 X:69 Y:33  P:67 {N0V1?1?0D0I1Z1C1} BNE (D0) [24   ]
0817 pc:CDCB SP:69  A:84 X:69 Y:33  P:67 {N0V1?1?0D0I1Z1C1} CPY (C0) [33   ]
0818 pc:CDCD SP:69  A:84 X:69 Y:33  P:67 {N0V1?1?0D0I1Z1C1} BNE (D0) [20   ]
0819 pc:CDCF SP:69  A:84 X:69 Y:33  P:67 {N0V1?1?0D0I1Z1C1} LDY (A0) [01   ]
0820 pc:CDD1 SP:69  A:84 X:69 Y:01  P:65 {N0V1?1?0D0I1Z0C1} LDA (A9) [04   ]
0821 pc:CDD3 SP:69  A:04 X:69 Y:01  P:65 {N0V1?1?0D0I1Z0C1} SEC (38) [     ]
0822 pc:CDD4 SP:69  A:04 X:69 Y:01  P:65 {N0V1?1?0D0I1Z0C1} CLV (B8) [     ]
0823 pc:CDD5 SP:69  A:04 X:69 Y:01  P:25 {N0V0?1?0D0I1Z0C1} LDX (A2) [00   ]
0824 pc:CDD7 SP:69  A:04 X:00 Y:01  P:27 {N0V0?1?0D0I1Z1C1} TSX (BA) [     ]
0825 pc:CDD8 SP:69  A:04 X:69 Y:01  P:25 {N0V0?1?0D0I1Z0C1} BEQ (F0) [15   ]
0826 pc:CDDA SP:69  A:04 X:69 Y:01  P:25 {N0V0?1?0D0I1Z0C1} BMI (30) [13   ]
0827 pc:CDDC SP:69  A:04 X:69 Y:01  P:25 {N0V0?1?0D0I1Z0C1} BCC (90) [11   ]
0828 pc:CDDE SP:69  A:04 X:69 Y:01  P:25 {N0V0?1?0D0I1Z0C1} BVS (70) [0F   ]
0829 pc:CDE0 SP:69  A:04 X:69 Y:01  P:25 {N0V0?1?0D0I1Z0C1} CPX (E0) [69   ]
0830 pc:CDE2 SP:69  A:04 X:69 Y:01  P:27 {N0V0?1?0D0I1Z1C1} BNE (D0) [0B   ]
0831 pc:CDE4 SP:69  A:04 X:69 Y:01  P:27 {N0V0?1?0D0I1Z1C1} CMP (C9) [04   ]
0832 pc:CDE6 SP:69  A:04 X:69 Y:01  P:27 {N0V0?1?0D0I1Z1C1} BNE (D0) [07   ]
0833 pc:CDE8 SP:69  A:04 X:69 Y:01  P:27 {N0V0?1?0D0I1Z1C1} CPY (C0) [01   ]
0834 pc:CDEA SP:69  A:04 X:69 Y:01  P:27 {N0V0?1?0D0I1Z1C1} BNE (D0) [03   ]
0835 pc:CDEC SP:69  A:04 X:69 Y:01  P:27 {N0V0?1?0D0I1Z1C1} JMP (4C) [F3 CD]
0836 pc:CDF3 SP:69  A:04 X:69 Y:01  P:27 {N0V0?1?0D0I1Z1C1} LDX (AE) [FF 07]
0837 pc:CDF6 SP:69  A:04 X:FB Y:01  P:A5 {N1V0?1?0D0I1Z0C1} TXS (9A) [     ]
0838 pc:CDF7 SP:FB  A:04 X:FB Y:01  P:A5 {N1V0?1?0D0I1Z0C1} RTS (60) [     ]
0839 pc:C609 SP:FD  A:04 X:FB Y:01  P:A5 {N1V0?1?0D0I1Z0C1} JSR (20) [F8 CD]
0840 pc:CDF8 SP:FB  A:04 X:FB Y:01  P:A5 {N1V0?1?0D0I1Z0C1} LDA (A9) [FF   ]
0841 pc:CDFA SP:FB  A:FF X:FB Y:01  P:A5 {N1V0?1?0D0I1Z0C1} STA (85) [01   ]
0842 pc:CDFC SP:FB  A:FF X:FB Y:01  P:A5 {N1V0?1?0D0I1Z0C1} TSX (BA) [     ]
0843 pc:CDFD SP:FB  A:FF X:FB Y:01  P:A5 {N1V0?1?0D0I1Z0C1} STX (8E) [FF 07]
0844 pc:CE00 SP:FB  A:FF X:FB Y:01  P:A5 {N1V0?1?0D0I1Z0C1} NOP (EA) [     ]
0845 pc:CE01 SP:FB  A:FF X:FB Y:01  P:A5 {N1V0?1?0D0I1Z0C1} LDX (A2) [80   ]
0846 pc:CE03 SP:FB  A:FF X:80 Y:01  P:A5 {N1V0?1?0D0I1Z0C1} TXS (9A) [     ]
0847 pc:CE04 SP:80  A:FF X:80 Y:01  P:A5 {N1V0?1?0D0I1Z0C1} LDA (A9) [33   ]
0848 pc:CE06 SP:80  A:33 X:80 Y:01  P:25 {N0V0?1?0D0I1Z0C1} PHA (48) [     ]
0849 pc:CE07 SP:7F  A:33 X:80 Y:01  P:25 {N0V0?1?0D0I1Z0C1} LDA (A9) [69   ]
0850 pc:CE09 SP:7F  A:69 X:80 Y:01  P:25 {N0V0?1?0D0I1Z0C1} PHA (48) [     ]
0851 pc:CE0A SP:7E  A:69 X:80 Y:01  P:25 {N0V0?1?0D0I1Z0C1} TSX (BA) [     ]
0852 pc:CE0B SP:7E  A:69 X:7E Y:01  P:25 {N0V0?1?0D0I1Z0C1} CPX (E0) [7E   ]
0853 pc:CE0D SP:7E  A:69 X:7E Y:01  P:27 {N0V0?1?0D0I1Z1C1} BNE (D0) [20   ]
0854 pc:CE0F SP:7E  A:69 X:7E Y:01  P:27 {N0V0?1?0D0I1Z1C1} PLA (68) [     ]
0855 pc:CE10 SP:7F  A:69 X:7E Y:01  P:25 {N0V0?1?0D0I1Z0C1} CMP (C9) [69   ]
0856 pc:CE12 SP:7F  A:69 X:7E Y:01  P:27 {N0V0?1?0D0I1Z1C1} BNE (D0) [1B   ]
0857 pc:CE14 SP:7F  A:69 X:7E Y:01  P:27 {N0V0?1?0D0I1Z1C1} PLA (68) [     ]
0858 pc:CE15 SP:80  A:33 X:7E Y:01  P:25 {N0V0?1?0D0I1Z0C1} CMP (C9) [33   ]
0859 pc:CE17 SP:80  A:33 X:7E Y:01  P:27 {N0V0?1?0D0I1Z1C1} BNE (D0) [16   ]
0860 pc:CE19 SP:80  A:33 X:7E Y:01  P:27 {N0V0?1?0D0I1Z1C1} TSX (BA) [     ]
0861 pc:CE1A SP:80  A:33 X:80 Y:01  P:A5 {N1V0?1?0D0I1Z0C1} CPX (E0) [80   ]
0862 pc:CE1C SP:80  A:33 X:80 Y:01  P:27 {N0V0?1?0D0I1Z1C1} BNE (D0) [11   ]
0863 pc:CE1E SP:80  A:33 X:80 Y:01  P:27 {N0V0?1?0D0I1Z1C1} LDA (AD) [80 01]
0864 pc:CE21 SP:80  A:00 X:80 Y:01  P:27 {N0V0?1?0D0I1Z1C1} CMP (C9) [33   ]
0865 pc:CE23 SP:80  A:00 X:80 Y:01  P:A4 {N1V0?1?0D0I1Z0C0} BNE (D0) [0A   ]
0866 pc:CE2F SP:80  A:00 X:80 Y:01  P:A4 {N1V0?1?0D0I1Z0C0} LDX (A2) [46   ]
0867 pc:CE31 SP:80  A:00 X:46 Y:01  P:24 {N0V0?1?0D0I1Z0C0} STX (86) [00   ]
0868 pc:CE33 SP:80  A:00 X:46 Y:01  P:24 {N0V0?1?0D0I1Z0C0} NOP (EA) [     ]
0869 pc:CE34 SP:80  A:00 X:46 Y:01  P:24 {N0V0?1?0D0I1Z0C0} LDX (A2) [80   ]
0870 pc:CE36 SP:80  A:00 X:80 Y:01  P:A4 {N1V0?1?0D0I1Z0C0} TXS (9A) [     ]
0871 pc:CE37 SP:80  A:00 X:80 Y:01  P:A4 {N1V0?1?0D0I1Z0C0} JSR (20) [3D CE]
0872 pc:CE3D SP:7E  A:00 X:80 Y:01  P:A4 {N1V0?1?0D0I1Z0C0} TSX (BA) [     ]
0873 pc:CE3E SP:7E  A:00 X:7E Y:01  P:24 {N0V0?1?0D0I1Z0C0} CPX (E0) [7E   ]
0874 pc:CE40 SP:7E  A:00 X:7E Y:01  P:27 {N0V0?1?0D0I1Z1C1} BNE (D0) [19   ]
0875 pc:CE42 SP:7E  A:00 X:7E Y:01  P:27 {N0V0?1?0D0I1Z1C1} PLA (68) [     ]
0876 pc:CE43 SP:7F  A:CE X:7E Y:01  P:A5 {N1V0?1?0D0I1Z0C1} PLA (68) [     ]
0877 pc:CE44 SP:80  A:3A X:7E Y:01  P:25 {N0V0?1?0D0I1Z0C1} TSX (BA) [     ]
0878 pc:CE45 SP:80  A:3A X:80 Y:01  P:A5 {N1V0?1?0D0I1Z0C1} CPX (E0) [80   ]
0879 pc:CE47 SP:80  A:3A X:80 Y:01  P:27 {N0V0?1?0D0I1Z1C1} BNE (D0) [12   ]
0880 pc:CE49 SP:80  A:3A X:80 Y:01  P:27 {N0V0?1?0D0I1Z1C1} LDA (A9) [00   ]
0881 pc:CE4B SP:80  A:00 X:80 Y:01  P:27 {N0V0?1?0D0I1Z1C1} JSR (20) [4E CE]
0882 pc:CE4E SP:7E  A:00 X:80 Y:01  P:27 {N0V0?1?0D0I1Z1C1} PLA (68) [     ]
0883 pc:CE4F SP:7F  A:CE X:80 Y:01  P:A5 {N1V0?1?0D0I1Z0C1} CMP (C9) [4D   ]
0884 pc:CE51 SP:7F  A:CE X:80 Y:01  P:A5 {N1V0?1?0D0I1Z0C1} BNE (D0) [08   ]
0885 pc:CE5B SP:7F  A:CE X:80 Y:01  P:A5 {N1V0?1?0D0I1Z0C1} LDX (A2) [47   ]
0886 pc:CE5D SP:7F  A:CE X:47 Y:01  P:25 {N0V0?1?0D0I1Z0C1} STX (86) [00   ]
0887 pc:CE5F SP:7F  A:CE X:47 Y:01  P:25 {N0V0?1?0D0I1Z0C1} NOP (EA) [     ]
0888 pc:CE60 SP:7F  A:CE X:47 Y:01  P:25 {N0V0?1?0D0I1Z0C1} LDA (A9) [CE   ]
0889 pc:CE62 SP:7F  A:CE X:47 Y:01  P:A5 {N1V0?1?0D0I1Z0C1} PHA (48) [     ]
0890 pc:CE63 SP:7E  A:CE X:47 Y:01  P:A5 {N1V0?1?0D0I1Z0C1} LDA (A9) [66   ]
0891 pc:CE65 SP:7E  A:66 X:47 Y:01  P:25 {N0V0?1?0D0I1Z0C1} PHA (48) [     ]
0892 pc:CE66 SP:7D  A:66 X:47 Y:01  P:25 {N0V0?1?0D0I1Z0C1} RTS (60) [     ]
0893 pc:66CE SP:7F  A:66 X:47 Y:01  P:25 {N0V0?1?0D0I1Z0C1} BRK (00) [     ]